<?xml version="1.0" encoding="UTF-8"?>
<coverage generated="1555091828771" clover="3.2.0">
  <project timestamp="1555091828771" name="All files">
    <metrics statements="275" coveredstatements="235" conditionals="44" coveredconditionals="35" methods="123" coveredmethods="90" elements="442" coveredelements="360" complexity="0" loc="275" ncloc="275" packages="15" files="41" classes="41"/>
    <package name="actions">
      <metrics statements="108" coveredstatements="104" conditionals="14" coveredconditionals="10" methods="40" coveredmethods="39"/>
      <file name="ActionHandlers.ts" path="/Users/marco/DeveloperProjects/ToDoAppRedux/ToDoApp/actions/ActionHandlers.ts">
        <metrics statements="14" coveredstatements="13" conditionals="0" coveredconditionals="0" methods="7" coveredmethods="6"/>
        <line num="12" count="2" type="stmt"/>
        <line num="13" count="1" type="stmt"/>
        <line num="26" count="2" type="stmt"/>
        <line num="30" count="1" type="stmt"/>
        <line num="35" count="2" type="stmt"/>
        <line num="39" count="1" type="stmt"/>
        <line num="44" count="2" type="stmt"/>
        <line num="48" count="2" type="stmt"/>
        <line num="53" count="2" type="stmt"/>
        <line num="54" count="0" type="stmt"/>
        <line num="59" count="2" type="stmt"/>
        <line num="63" count="1" type="stmt"/>
        <line num="68" count="2" type="stmt"/>
        <line num="69" count="1" type="stmt"/>
      </file>
      <file name="actionTypes.ts" path="/Users/marco/DeveloperProjects/ToDoAppRedux/ToDoApp/actions/actionTypes.ts">
        <metrics statements="0" coveredstatements="0" conditionals="0" coveredconditionals="0" methods="0" coveredmethods="0"/>
      </file>
      <file name="actions.ts" path="/Users/marco/DeveloperProjects/ToDoAppRedux/ToDoApp/actions/actions.ts">
        <metrics statements="94" coveredstatements="91" conditionals="14" coveredconditionals="10" methods="33" coveredmethods="33"/>
        <line num="29" count="4" type="stmt"/>
        <line num="30" count="1" type="stmt"/>
        <line num="31" count="1" type="stmt"/>
        <line num="32" count="1" type="stmt"/>
        <line num="34" count="2" type="stmt"/>
        <line num="37" count="2" type="cond" truecount="1" falsecount="1"/>
        <line num="38" count="2" type="stmt"/>
        <line num="40" count="2" type="stmt"/>
        <line num="43" count="1" type="stmt"/>
        <line num="45" count="0" type="stmt"/>
        <line num="50" count="4" type="stmt"/>
        <line num="52" count="3" type="stmt"/>
        <line num="59" count="4" type="stmt"/>
        <line num="63" count="4" type="stmt"/>
        <line num="64" count="2" type="stmt"/>
        <line num="65" count="2" type="stmt"/>
        <line num="66" count="2" type="stmt"/>
        <line num="67" count="4" type="cond" truecount="2" falsecount="0"/>
        <line num="68" count="2" type="stmt"/>
        <line num="70" count="4" type="stmt"/>
        <line num="72" count="2" type="stmt"/>
        <line num="73" count="2" type="cond" truecount="1" falsecount="1"/>
        <line num="74" count="2" type="stmt"/>
        <line num="76" count="1" type="stmt"/>
        <line num="78" count="1" type="stmt"/>
        <line num="85" count="4" type="stmt"/>
        <line num="92" count="4" type="stmt"/>
        <line num="96" count="4" type="stmt"/>
        <line num="97" count="2" type="stmt"/>
        <line num="98" count="2" type="stmt"/>
        <line num="99" count="2" type="stmt"/>
        <line num="105" count="2" type="stmt"/>
        <line num="106" count="1" type="stmt"/>
        <line num="108" count="1" type="stmt"/>
        <line num="113" count="4" type="stmt"/>
        <line num="116" count="3" type="stmt"/>
        <line num="124" count="4" type="stmt"/>
        <line num="128" count="4" type="stmt"/>
        <line num="129" count="1" type="stmt"/>
        <line num="130" count="1" type="stmt"/>
        <line num="131" count="1" type="stmt"/>
        <line num="132" count="2" type="cond" truecount="2" falsecount="0"/>
        <line num="133" count="1" type="stmt"/>
        <line num="135" count="2" type="stmt"/>
        <line num="137" count="1" type="stmt"/>
        <line num="138" count="1" type="cond" truecount="1" falsecount="1"/>
        <line num="139" count="1" type="stmt"/>
        <line num="141" count="0" type="stmt"/>
        <line num="143" count="1" type="stmt"/>
        <line num="148" count="4" type="stmt"/>
        <line num="150" count="1" type="stmt"/>
        <line num="159" count="4" type="stmt"/>
        <line num="163" count="4" type="stmt"/>
        <line num="164" count="1" type="stmt"/>
        <line num="165" count="1" type="stmt"/>
        <line num="166" count="1" type="stmt"/>
        <line num="167" count="2" type="cond" truecount="2" falsecount="0"/>
        <line num="168" count="1" type="stmt"/>
        <line num="170" count="2" type="stmt"/>
        <line num="172" count="1" type="stmt"/>
        <line num="173" count="1" type="cond" truecount="1" falsecount="1"/>
        <line num="174" count="1" type="stmt"/>
        <line num="176" count="0" type="stmt"/>
        <line num="178" count="1" type="stmt"/>
        <line num="183" count="4" type="stmt"/>
        <line num="185" count="1" type="stmt"/>
        <line num="192" count="4" type="stmt"/>
        <line num="196" count="4" type="stmt"/>
        <line num="197" count="2" type="stmt"/>
        <line num="198" count="2" type="stmt"/>
        <line num="199" count="2" type="stmt"/>
        <line num="200" count="1" type="stmt"/>
        <line num="202" count="2" type="stmt"/>
        <line num="203" count="2" type="stmt"/>
        <line num="204" count="2" type="stmt"/>
        <line num="208" count="1" type="stmt"/>
        <line num="210" count="1" type="stmt"/>
        <line num="215" count="4" type="stmt"/>
        <line num="217" count="3" type="stmt"/>
        <line num="224" count="4" type="stmt"/>
        <line num="229" count="4" type="stmt"/>
        <line num="230" count="2" type="stmt"/>
        <line num="231" count="2" type="stmt"/>
        <line num="232" count="2" type="stmt"/>
        <line num="233" count="2" type="stmt"/>
        <line num="234" count="2" type="stmt"/>
        <line num="235" count="1" type="stmt"/>
        <line num="236" count="1" type="stmt"/>
        <line num="237" count="1" type="stmt"/>
        <line num="239" count="1" type="stmt"/>
        <line num="244" count="4" type="stmt"/>
        <line num="246" count="3" type="stmt"/>
        <line num="253" count="4" type="stmt"/>
        <line num="257" count="4" type="stmt"/>
      </file>
    </package>
    <package name="colors">
      <metrics statements="1" coveredstatements="1" conditionals="0" coveredconditionals="0" methods="0" coveredmethods="0"/>
      <file name="Colors.ts" path="/Users/marco/DeveloperProjects/ToDoAppRedux/ToDoApp/colors/Colors.ts">
        <metrics statements="1" coveredstatements="1" conditionals="0" coveredconditionals="0" methods="0" coveredmethods="0"/>
        <line num="1" count="13" type="stmt"/>
      </file>
    </package>
    <package name="components.button">
      <metrics statements="3" coveredstatements="3" conditionals="0" coveredconditionals="0" methods="1" coveredmethods="1"/>
      <file name="index.tsx" path="/Users/marco/DeveloperProjects/ToDoAppRedux/ToDoApp/components/button/index.tsx">
        <metrics statements="2" coveredstatements="2" conditionals="0" coveredconditionals="0" methods="1" coveredmethods="1"/>
        <line num="11" count="6" type="stmt"/>
        <line num="12" count="1" type="stmt"/>
      </file>
      <file name="styles.ts" path="/Users/marco/DeveloperProjects/ToDoAppRedux/ToDoApp/components/button/styles.ts">
        <metrics statements="1" coveredstatements="1" conditionals="0" coveredconditionals="0" methods="0" coveredmethods="0"/>
        <line num="4" count="6" type="stmt"/>
      </file>
    </package>
    <package name="components.checkbox">
      <metrics statements="3" coveredstatements="3" conditionals="2" coveredconditionals="2" methods="1" coveredmethods="1"/>
      <file name="index.tsx" path="/Users/marco/DeveloperProjects/ToDoAppRedux/ToDoApp/components/checkbox/index.tsx">
        <metrics statements="2" coveredstatements="2" conditionals="2" coveredconditionals="2" methods="1" coveredmethods="1"/>
        <line num="12" count="5" type="stmt"/>
        <line num="13" count="2" type="stmt"/>
      </file>
      <file name="styles.ts" path="/Users/marco/DeveloperProjects/ToDoAppRedux/ToDoApp/components/checkbox/styles.ts">
        <metrics statements="1" coveredstatements="1" conditionals="0" coveredconditionals="0" methods="0" coveredmethods="0"/>
        <line num="4" count="5" type="stmt"/>
      </file>
    </package>
    <package name="components.item">
      <metrics statements="3" coveredstatements="3" conditionals="0" coveredconditionals="0" methods="1" coveredmethods="1"/>
      <file name="index.tsx" path="/Users/marco/DeveloperProjects/ToDoAppRedux/ToDoApp/components/item/index.tsx">
        <metrics statements="2" coveredstatements="2" conditionals="0" coveredconditionals="0" methods="1" coveredmethods="1"/>
        <line num="15" count="4" type="stmt"/>
        <line num="16" count="1" type="stmt"/>
      </file>
      <file name="styles.ts" path="/Users/marco/DeveloperProjects/ToDoAppRedux/ToDoApp/components/item/styles.ts">
        <metrics statements="1" coveredstatements="1" conditionals="0" coveredconditionals="0" methods="0" coveredmethods="0"/>
        <line num="4" count="4" type="stmt"/>
      </file>
    </package>
    <package name="containers.detail">
      <metrics statements="16" coveredstatements="9" conditionals="0" coveredconditionals="0" methods="9" coveredmethods="4"/>
      <file name="Layout.tsx" path="/Users/marco/DeveloperProjects/ToDoAppRedux/ToDoApp/containers/detail/Layout.tsx">
        <metrics statements="6" coveredstatements="2" conditionals="0" coveredconditionals="0" methods="3" coveredmethods="1"/>
        <line num="9" count="2" type="stmt"/>
        <line num="15" count="1" type="stmt"/>
        <line num="22" count="0" type="stmt"/>
        <line num="23" count="0" type="stmt"/>
        <line num="36" count="0" type="stmt"/>
        <line num="37" count="0" type="stmt"/>
      </file>
      <file name="mapDispatchToProps.ts" path="/Users/marco/DeveloperProjects/ToDoAppRedux/ToDoApp/containers/detail/mapDispatchToProps.ts">
        <metrics statements="4" coveredstatements="2" conditionals="0" coveredconditionals="0" methods="3" coveredmethods="1"/>
        <line num="6" count="1" type="stmt"/>
        <line num="8" count="1" type="stmt"/>
        <line num="10" count="0" type="stmt"/>
        <line num="13" count="0" type="stmt"/>
      </file>
      <file name="mapStateToProps.ts" path="/Users/marco/DeveloperProjects/ToDoAppRedux/ToDoApp/containers/detail/mapStateToProps.ts">
        <metrics statements="2" coveredstatements="2" conditionals="0" coveredconditionals="0" methods="1" coveredmethods="1"/>
        <line num="4" count="1" type="stmt"/>
        <line num="7" count="1" type="stmt"/>
      </file>
      <file name="styles.ts" path="/Users/marco/DeveloperProjects/ToDoAppRedux/ToDoApp/containers/detail/styles.ts">
        <metrics statements="1" coveredstatements="1" conditionals="0" coveredconditionals="0" methods="0" coveredmethods="0"/>
        <line num="4" count="2" type="stmt"/>
      </file>
      <file name="withNavigationHeader.tsx" path="/Users/marco/DeveloperProjects/ToDoAppRedux/ToDoApp/containers/detail/withNavigationHeader.tsx">
        <metrics statements="3" coveredstatements="2" conditionals="0" coveredconditionals="0" methods="2" coveredmethods="1"/>
        <line num="11" count="1" type="stmt"/>
        <line num="12" count="1" type="stmt"/>
        <line num="19" count="0" type="stmt"/>
      </file>
    </package>
    <package name="containers.home">
      <metrics statements="40" coveredstatements="25" conditionals="4" coveredconditionals="4" methods="25" coveredmethods="10"/>
      <file name="Layout.tsx" path="/Users/marco/DeveloperProjects/ToDoAppRedux/ToDoApp/containers/home/Layout.tsx">
        <metrics statements="5" coveredstatements="2" conditionals="0" coveredconditionals="0" methods="4" coveredmethods="1"/>
        <line num="8" count="2" type="stmt"/>
        <line num="16" count="3" type="stmt"/>
        <line num="21" count="0" type="stmt"/>
        <line num="23" count="0" type="stmt"/>
        <line num="32" count="0" type="stmt"/>
      </file>
      <file name="mapDispatchToProps.ts" path="/Users/marco/DeveloperProjects/ToDoAppRedux/ToDoApp/containers/home/mapDispatchToProps.ts">
        <metrics statements="6" coveredstatements="2" conditionals="0" coveredconditionals="0" methods="5" coveredmethods="1"/>
        <line num="6" count="1" type="stmt"/>
        <line num="8" count="1" type="stmt"/>
        <line num="10" count="0" type="stmt"/>
        <line num="13" count="0" type="stmt"/>
        <line num="16" count="0" type="stmt"/>
        <line num="19" count="0" type="stmt"/>
      </file>
      <file name="mapStateToProps.ts" path="/Users/marco/DeveloperProjects/ToDoAppRedux/ToDoApp/containers/home/mapStateToProps.ts">
        <metrics statements="2" coveredstatements="2" conditionals="0" coveredconditionals="0" methods="1" coveredmethods="1"/>
        <line num="4" count="1" type="stmt"/>
        <line num="7" count="1" type="stmt"/>
      </file>
      <file name="renderFooter.tsx" path="/Users/marco/DeveloperProjects/ToDoAppRedux/ToDoApp/containers/home/renderFooter.tsx">
        <metrics statements="3" coveredstatements="2" conditionals="2" coveredconditionals="2" methods="2" coveredmethods="1"/>
        <line num="9" count="3" type="stmt"/>
        <line num="13" count="2" type="cond" truecount="2" falsecount="0"/>
        <line num="18" count="0" type="stmt"/>
      </file>
      <file name="renderItem.tsx" path="/Users/marco/DeveloperProjects/ToDoAppRedux/ToDoApp/containers/home/renderItem.tsx">
        <metrics statements="5" coveredstatements="2" conditionals="0" coveredconditionals="0" methods="4" coveredmethods="1"/>
        <line num="18" count="3" type="stmt"/>
        <line num="26" count="1" type="stmt"/>
        <line num="34" count="0" type="stmt"/>
        <line num="43" count="0" type="stmt"/>
        <line num="49" count="0" type="stmt"/>
      </file>
      <file name="styles.ts" path="/Users/marco/DeveloperProjects/ToDoAppRedux/ToDoApp/containers/home/styles.ts">
        <metrics statements="1" coveredstatements="1" conditionals="0" coveredconditionals="0" methods="0" coveredmethods="0"/>
        <line num="4" count="4" type="stmt"/>
      </file>
      <file name="withLifecyclesMethods.ts" path="/Users/marco/DeveloperProjects/ToDoAppRedux/ToDoApp/containers/home/withLifecyclesMethods.ts">
        <metrics statements="4" coveredstatements="4" conditionals="0" coveredconditionals="0" methods="1" coveredmethods="1"/>
        <line num="4" count="1" type="stmt"/>
        <line num="6" count="1" type="stmt"/>
        <line num="7" count="1" type="stmt"/>
        <line num="10" count="1" type="stmt"/>
      </file>
      <file name="withNavigationHeader.tsx" path="/Users/marco/DeveloperProjects/ToDoAppRedux/ToDoApp/containers/home/withNavigationHeader.tsx">
        <metrics statements="6" coveredstatements="2" conditionals="0" coveredconditionals="0" methods="5" coveredmethods="1"/>
        <line num="12" count="1" type="stmt"/>
        <line num="13" count="1" type="stmt"/>
        <line num="16" count="0" type="stmt"/>
        <line num="22" count="0" type="stmt"/>
        <line num="31" count="0" type="stmt"/>
        <line num="38" count="0" type="stmt"/>
      </file>
      <file name="withStateHandlers.ts" path="/Users/marco/DeveloperProjects/ToDoAppRedux/ToDoApp/containers/home/withStateHandlers.ts">
        <metrics statements="8" coveredstatements="8" conditionals="2" coveredconditionals="2" methods="3" coveredmethods="3"/>
        <line num="4" count="1" type="stmt"/>
        <line num="8" count="2" type="cond" truecount="2" falsecount="0"/>
        <line num="9" count="1" type="stmt"/>
        <line num="12" count="1" type="stmt"/>
        <line num="14" count="1" type="stmt"/>
        <line num="17" count="1" type="stmt"/>
        <line num="20" count="1" type="stmt"/>
        <line num="26" count="2" type="stmt"/>
      </file>
    </package>
    <package name="containers.newtask">
      <metrics statements="37" coveredstatements="25" conditionals="0" coveredconditionals="0" methods="30" coveredmethods="19"/>
      <file name="Layout.tsx" path="/Users/marco/DeveloperProjects/ToDoAppRedux/ToDoApp/containers/newtask/Layout.tsx">
        <metrics statements="8" coveredstatements="2" conditionals="0" coveredconditionals="0" methods="7" coveredmethods="1"/>
        <line num="8" count="2" type="stmt"/>
        <line num="18" count="1" type="stmt"/>
        <line num="22" count="0" type="stmt"/>
        <line num="23" count="0" type="stmt"/>
        <line num="33" count="0" type="stmt"/>
        <line num="36" count="0" type="stmt"/>
        <line num="37" count="0" type="stmt"/>
        <line num="49" count="0" type="stmt"/>
      </file>
      <file name="mapDispatchToProps.ts" path="/Users/marco/DeveloperProjects/ToDoAppRedux/ToDoApp/containers/newtask/mapDispatchToProps.ts">
        <metrics statements="3" coveredstatements="2" conditionals="0" coveredconditionals="0" methods="2" coveredmethods="1"/>
        <line num="6" count="1" type="stmt"/>
        <line num="8" count="1" type="stmt"/>
        <line num="10" count="0" type="stmt"/>
      </file>
      <file name="styles.ts" path="/Users/marco/DeveloperProjects/ToDoAppRedux/ToDoApp/containers/newtask/styles.ts">
        <metrics statements="1" coveredstatements="1" conditionals="0" coveredconditionals="0" methods="0" coveredmethods="0"/>
        <line num="4" count="2" type="stmt"/>
      </file>
      <file name="withDispatchAddToDo.ts" path="/Users/marco/DeveloperProjects/ToDoAppRedux/ToDoApp/containers/newtask/withDispatchAddToDo.ts">
        <metrics statements="4" coveredstatements="4" conditionals="0" coveredconditionals="0" methods="3" coveredmethods="3"/>
        <line num="4" count="1" type="stmt"/>
        <line num="5" count="1" type="stmt"/>
        <line num="8" count="1" type="stmt"/>
        <line num="9" count="1" type="stmt"/>
      </file>
      <file name="withLifecycleMethods.ts" path="/Users/marco/DeveloperProjects/ToDoAppRedux/ToDoApp/containers/newtask/withLifecycleMethods.ts">
        <metrics statements="3" coveredstatements="3" conditionals="0" coveredconditionals="0" methods="1" coveredmethods="1"/>
        <line num="4" count="1" type="stmt"/>
        <line num="6" count="1" type="stmt"/>
        <line num="7" count="1" type="stmt"/>
      </file>
      <file name="withNavigationHeader.tsx" path="/Users/marco/DeveloperProjects/ToDoAppRedux/ToDoApp/containers/newtask/withNavigationHeader.tsx">
        <metrics statements="7" coveredstatements="2" conditionals="0" coveredconditionals="0" methods="5" coveredmethods="1"/>
        <line num="7" count="1" type="stmt"/>
        <line num="8" count="1" type="stmt"/>
        <line num="11" count="0" type="stmt"/>
        <line num="17" count="0" type="stmt"/>
        <line num="18" count="0" type="stmt"/>
        <line num="29" count="0" type="stmt"/>
        <line num="38" count="0" type="stmt"/>
      </file>
      <file name="withStateHandlers.ts" path="/Users/marco/DeveloperProjects/ToDoAppRedux/ToDoApp/containers/newtask/withStateHandlers.ts">
        <metrics statements="11" coveredstatements="11" conditionals="0" coveredconditionals="0" methods="12" coveredmethods="12"/>
        <line num="4" count="1" type="stmt"/>
        <line num="7" count="1" type="stmt"/>
        <line num="13" count="1" type="stmt"/>
        <line num="16" count="1" type="stmt"/>
        <line num="22" count="1" type="stmt"/>
        <line num="27" count="1" type="stmt"/>
        <line num="30" count="1" type="stmt"/>
        <line num="36" count="1" type="stmt"/>
        <line num="41" count="1" type="stmt"/>
        <line num="44" count="1" type="stmt"/>
        <line num="50" count="1" type="stmt"/>
      </file>
    </package>
    <package name="hocs">
      <metrics statements="3" coveredstatements="3" conditionals="1" coveredconditionals="1" methods="2" coveredmethods="2"/>
      <file name="hocs.ts" path="/Users/marco/DeveloperProjects/ToDoAppRedux/ToDoApp/hocs/hocs.ts">
        <metrics statements="3" coveredstatements="3" conditionals="1" coveredconditionals="1" methods="2" coveredmethods="2"/>
        <line num="9" count="8" type="stmt"/>
        <line num="10" count="1" type="stmt"/>
        <line num="11" count="1" type="stmt"/>
      </file>
    </package>
    <package name="networking">
      <metrics statements="16" coveredstatements="14" conditionals="1" coveredconditionals="0" methods="7" coveredmethods="6"/>
      <file name="httpService.ts" path="/Users/marco/DeveloperProjects/ToDoAppRedux/ToDoApp/networking/httpService.ts">
        <metrics statements="16" coveredstatements="14" conditionals="1" coveredconditionals="0" methods="7" coveredmethods="6"/>
        <line num="4" count="6" type="stmt"/>
        <line num="11" count="1" type="stmt"/>
        <line num="12" count="1" type="stmt"/>
        <line num="19" count="1" type="stmt"/>
        <line num="20" count="1" type="stmt"/>
        <line num="24" count="1" type="stmt"/>
        <line num="25" count="1" type="stmt"/>
        <line num="29" count="1" type="stmt"/>
        <line num="30" count="1" type="stmt"/>
        <line num="34" count="1" type="stmt"/>
        <line num="35" count="1" type="stmt"/>
        <line num="39" count="6" type="stmt"/>
        <line num="41" count="6" type="stmt"/>
        <line num="43" count="0" type="stmt"/>
        <line num="44" count="0" type="stmt"/>
        <line num="47" count="6" type="stmt"/>
      </file>
    </package>
    <package name="networking.controllers">
      <metrics statements="8" coveredstatements="8" conditionals="0" coveredconditionals="0" methods="4" coveredmethods="4"/>
      <file name="homeController.ts" path="/Users/marco/DeveloperProjects/ToDoAppRedux/ToDoApp/networking/controllers/homeController.ts">
        <metrics statements="8" coveredstatements="8" conditionals="0" coveredconditionals="0" methods="4" coveredmethods="4"/>
        <line num="4" count="5" type="stmt"/>
        <line num="5" count="1" type="stmt"/>
        <line num="8" count="5" type="stmt"/>
        <line num="9" count="1" type="stmt"/>
        <line num="12" count="5" type="stmt"/>
        <line num="13" count="1" type="stmt"/>
        <line num="16" count="5" type="stmt"/>
        <line num="17" count="1" type="stmt"/>
      </file>
    </package>
    <package name="reducers">
      <metrics statements="18" coveredstatements="18" conditionals="16" coveredconditionals="15" methods="1" coveredmethods="1"/>
      <file name="todoApp.ts" path="/Users/marco/DeveloperProjects/ToDoAppRedux/ToDoApp/reducers/todoApp.ts">
        <metrics statements="18" coveredstatements="18" conditionals="16" coveredconditionals="15" methods="1" coveredmethods="1"/>
        <line num="15" count="1" type="stmt"/>
        <line num="19" count="1" type="stmt"/>
        <line num="23" count="15" type="cond" truecount="15" falsecount="0"/>
        <line num="25" count="1" type="stmt"/>
        <line num="27" count="1" type="stmt"/>
        <line num="29" count="2" type="stmt"/>
        <line num="31" count="1" type="stmt"/>
        <line num="33" count="2" type="stmt"/>
        <line num="35" count="1" type="stmt"/>
        <line num="37" count="2" type="stmt"/>
        <line num="39" count="1" type="stmt"/>
        <line num="41" count="2" type="stmt"/>
        <line num="43" count="1" type="stmt"/>
        <line num="45" count="2" type="stmt"/>
        <line num="47" count="1" type="stmt"/>
        <line num="49" count="2" type="stmt"/>
        <line num="51" count="1" type="stmt"/>
        <line num="53" count="2" type="stmt"/>
      </file>
    </package>
    <package name="resources.images">
      <metrics statements="2" coveredstatements="2" conditionals="0" coveredconditionals="0" methods="0" coveredmethods="0"/>
      <file name="iconCheckboxActive.png" path="/Users/marco/DeveloperProjects/ToDoAppRedux/ToDoApp/resources/images/iconCheckboxActive.png">
        <metrics statements="1" coveredstatements="1" conditionals="0" coveredconditionals="0" methods="0" coveredmethods="0"/>
        <line num="1" count="5" type="stmt"/>
      </file>
      <file name="iconCheckboxInactive.png" path="/Users/marco/DeveloperProjects/ToDoAppRedux/ToDoApp/resources/images/iconCheckboxInactive.png">
        <metrics statements="1" coveredstatements="1" conditionals="0" coveredconditionals="0" methods="0" coveredmethods="0"/>
        <line num="1" count="5" type="stmt"/>
      </file>
    </package>
    <package name="strings">
      <metrics statements="9" coveredstatements="9" conditionals="0" coveredconditionals="0" methods="0" coveredmethods="0"/>
      <file name="index.ts" path="/Users/marco/DeveloperProjects/ToDoAppRedux/ToDoApp/strings/index.ts">
        <metrics statements="9" coveredstatements="9" conditionals="0" coveredconditionals="0" methods="0" coveredmethods="0"/>
        <line num="1" count="7" type="stmt"/>
        <line num="2" count="7" type="stmt"/>
        <line num="3" count="7" type="stmt"/>
        <line num="4" count="7" type="stmt"/>
        <line num="5" count="7" type="stmt"/>
        <line num="6" count="7" type="stmt"/>
        <line num="7" count="7" type="stmt"/>
        <line num="8" count="7" type="stmt"/>
        <line num="10" count="7" type="stmt"/>
      </file>
    </package>
    <package name="utils">
      <metrics statements="8" coveredstatements="8" conditionals="6" coveredconditionals="3" methods="2" coveredmethods="2"/>
      <file name="createDummyResponses.ts" path="/Users/marco/DeveloperProjects/ToDoAppRedux/ToDoApp/utils/createDummyResponses.ts">
        <metrics statements="2" coveredstatements="2" conditionals="0" coveredconditionals="0" methods="0" coveredmethods="0"/>
        <line num="3" count="1" type="stmt"/>
        <line num="18" count="1" type="stmt"/>
      </file>
      <file name="deserializer.ts" path="/Users/marco/DeveloperProjects/ToDoAppRedux/ToDoApp/utils/deserializer.ts">
        <metrics statements="4" coveredstatements="4" conditionals="6" coveredconditionals="3" methods="1" coveredmethods="1"/>
        <line num="3" count="5" type="stmt"/>
        <line num="4" count="3" type="cond" truecount="1" falsecount="1"/>
        <line num="5" count="3" type="stmt"/>
        <line num="6" count="3" type="stmt"/>
      </file>
      <file name="serializer.ts" path="/Users/marco/DeveloperProjects/ToDoAppRedux/ToDoApp/utils/serializer.ts">
        <metrics statements="2" coveredstatements="2" conditionals="0" coveredconditionals="0" methods="1" coveredmethods="1"/>
        <line num="3" count="5" type="stmt"/>
        <line num="4" count="9" type="stmt"/>
      </file>
    </package>
  </project>
</coverage>
