{"/Users/marco/DeveloperProjects/ToDoAppRedux/ToDoApp/actions/ActionHandlers.ts": {"path":"/Users/marco/DeveloperProjects/ToDoAppRedux/ToDoApp/actions/ActionHandlers.ts","statementMap":{"0":{"start":{"line":12,"column":23},"end":{"line":24,"column":1}},"1":{"start":{"line":13,"column":2},"end":{"line":23,"column":5}},"2":{"start":{"line":26,"column":35},"end":{"line":33,"column":1}},"3":{"start":{"line":30,"column":2},"end":{"line":32,"column":5}},"4":{"start":{"line":35,"column":28},"end":{"line":42,"column":1}},"5":{"start":{"line":39,"column":2},"end":{"line":41,"column":5}},"6":{"start":{"line":44,"column":29},"end":{"line":51,"column":1}},"7":{"start":{"line":48,"column":2},"end":{"line":50,"column":5}},"8":{"start":{"line":53,"column":26},"end":{"line":57,"column":1}},"9":{"start":{"line":54,"column":2},"end":{"line":56,"column":5}},"10":{"start":{"line":59,"column":35},"end":{"line":66,"column":1}},"11":{"start":{"line":63,"column":2},"end":{"line":65,"column":5}},"12":{"start":{"line":68,"column":26},"end":{"line":72,"column":1}},"13":{"start":{"line":69,"column":2},"end":{"line":71,"column":5}}},"fnMap":{"0":{"name":"(anonymous_0)","decl":{"start":{"line":12,"column":23},"end":{"line":12,"column":24}},"loc":{"start":{"line":12,"column":71},"end":{"line":24,"column":1}},"line":12},"1":{"name":"(anonymous_1)","decl":{"start":{"line":26,"column":35},"end":{"line":26,"column":36}},"loc":{"start":{"line":29,"column":5},"end":{"line":33,"column":1}},"line":29},"2":{"name":"(anonymous_2)","decl":{"start":{"line":35,"column":28},"end":{"line":35,"column":29}},"loc":{"start":{"line":38,"column":5},"end":{"line":42,"column":1}},"line":38},"3":{"name":"(anonymous_3)","decl":{"start":{"line":44,"column":29},"end":{"line":44,"column":30}},"loc":{"start":{"line":47,"column":5},"end":{"line":51,"column":1}},"line":47},"4":{"name":"(anonymous_4)","decl":{"start":{"line":53,"column":26},"end":{"line":53,"column":27}},"loc":{"start":{"line":53,"column":77},"end":{"line":57,"column":1}},"line":53},"5":{"name":"(anonymous_5)","decl":{"start":{"line":59,"column":35},"end":{"line":59,"column":36}},"loc":{"start":{"line":62,"column":5},"end":{"line":66,"column":1}},"line":62},"6":{"name":"(anonymous_6)","decl":{"start":{"line":68,"column":26},"end":{"line":68,"column":27}},"loc":{"start":{"line":68,"column":71},"end":{"line":72,"column":1}},"line":68}},"branchMap":{},"s":{"0":2,"1":1,"2":2,"3":1,"4":2,"5":1,"6":2,"7":2,"8":2,"9":0,"10":2,"11":1,"12":2,"13":1},"f":{"0":1,"1":1,"2":1,"3":2,"4":0,"5":1,"6":1},"b":{},"_coverageSchema":"43e27e138ebf9cfc5966b082cf9a028302ed4184","hash":"4ceb12bdb74f3f15dd0a67566bd0d2775f122f84"}
,"/Users/marco/DeveloperProjects/ToDoAppRedux/ToDoApp/actions/actionTypes.ts": {"path":"/Users/marco/DeveloperProjects/ToDoAppRedux/ToDoApp/actions/actionTypes.ts","statementMap":{},"fnMap":{},"branchMap":{},"s":{},"f":{},"b":{},"_coverageSchema":"43e27e138ebf9cfc5966b082cf9a028302ed4184","hash":"89197a54ed0054deca294c3295a0e06b7122a5e1"}
,"/Users/marco/DeveloperProjects/ToDoAppRedux/ToDoApp/actions/actions.ts": {"path":"/Users/marco/DeveloperProjects/ToDoAppRedux/ToDoApp/actions/actions.ts","statementMap":{"0":{"start":{"line":29,"column":21},"end":{"line":48,"column":1}},"1":{"start":{"line":30,"column":2},"end":{"line":47,"column":3}},"2":{"start":{"line":31,"column":4},"end":{"line":46,"column":5}},"3":{"start":{"line":32,"column":35},"end":{"line":42,"column":7}},"4":{"start":{"line":34,"column":29},"end":{"line":36,"column":12}},"5":{"start":{"line":37,"column":10},"end":{"line":39,"column":11}},"6":{"start":{"line":38,"column":12},"end":{"line":38,"column":52}},"7":{"start":{"line":40,"column":10},"end":{"line":40,"column":21}},"8":{"start":{"line":43,"column":6},"end":{"line":43,"column":49}},"9":{"start":{"line":45,"column":6},"end":{"line":45,"column":34}},"10":{"start":{"line":50,"column":76},"end":{"line":57,"column":2}},"11":{"start":{"line":52,"column":6},"end":{"line":57,"column":1}},"12":{"start":{"line":59,"column":71},"end":{"line":61,"column":2}},"13":{"start":{"line":59,"column":78},"end":{"line":61,"column":1}},"14":{"start":{"line":63,"column":28},"end":{"line":81,"column":1}},"15":{"start":{"line":64,"column":2},"end":{"line":80,"column":3}},"16":{"start":{"line":65,"column":4},"end":{"line":79,"column":5}},"17":{"start":{"line":66,"column":30},"end":{"line":71,"column":8}},"18":{"start":{"line":67,"column":8},"end":{"line":69,"column":9}},"19":{"start":{"line":68,"column":10},"end":{"line":68,"column":42}},"20":{"start":{"line":70,"column":8},"end":{"line":70,"column":19}},"21":{"start":{"line":72,"column":45},"end":{"line":72,"column":70}},"22":{"start":{"line":73,"column":6},"end":{"line":75,"column":7}},"23":{"start":{"line":74,"column":8},"end":{"line":74,"column":72}},"24":{"start":{"line":76,"column":6},"end":{"line":76,"column":59}},"25":{"start":{"line":78,"column":6},"end":{"line":78,"column":41}},"26":{"start":{"line":85,"column":4},"end":{"line":88,"column":2}},"27":{"start":{"line":85,"column":24},"end":{"line":88,"column":1}},"28":{"start":{"line":92,"column":4},"end":{"line":94,"column":2}},"29":{"start":{"line":92,"column":11},"end":{"line":94,"column":1}},"30":{"start":{"line":96,"column":16},"end":{"line":111,"column":1}},"31":{"start":{"line":97,"column":2},"end":{"line":110,"column":3}},"32":{"start":{"line":98,"column":4},"end":{"line":109,"column":5}},"33":{"start":{"line":99,"column":25},"end":{"line":104,"column":7}},"34":{"start":{"line":105,"column":6},"end":{"line":105,"column":37}},"35":{"start":{"line":106,"column":6},"end":{"line":106,"column":50}},"36":{"start":{"line":108,"column":6},"end":{"line":108,"column":29}},"37":{"start":{"line":113,"column":67},"end":{"line":122,"column":2}},"38":{"start":{"line":116,"column":6},"end":{"line":122,"column":1}},"39":{"start":{"line":124,"column":61},"end":{"line":126,"column":2}},"40":{"start":{"line":124,"column":68},"end":{"line":126,"column":1}},"41":{"start":{"line":128,"column":22},"end":{"line":146,"column":1}},"42":{"start":{"line":129,"column":2},"end":{"line":145,"column":3}},"43":{"start":{"line":130,"column":4},"end":{"line":144,"column":5}},"44":{"start":{"line":131,"column":38},"end":{"line":136,"column":8}},"45":{"start":{"line":132,"column":8},"end":{"line":134,"column":9}},"46":{"start":{"line":133,"column":10},"end":{"line":133,"column":32}},"47":{"start":{"line":135,"column":8},"end":{"line":135,"column":19}},"48":{"start":{"line":137,"column":45},"end":{"line":137,"column":70}},"49":{"start":{"line":138,"column":6},"end":{"line":140,"column":7}},"50":{"start":{"line":139,"column":8},"end":{"line":139,"column":72}},"51":{"start":{"line":141,"column":6},"end":{"line":141,"column":53}},"52":{"start":{"line":143,"column":6},"end":{"line":143,"column":35}},"53":{"start":{"line":148,"column":79},"end":{"line":155,"column":2}},"54":{"start":{"line":150,"column":6},"end":{"line":155,"column":1}},"55":{"start":{"line":159,"column":4},"end":{"line":161,"column":2}},"56":{"start":{"line":159,"column":11},"end":{"line":161,"column":1}},"57":{"start":{"line":163,"column":19},"end":{"line":181,"column":1}},"58":{"start":{"line":164,"column":2},"end":{"line":180,"column":3}},"59":{"start":{"line":165,"column":4},"end":{"line":179,"column":5}},"60":{"start":{"line":166,"column":38},"end":{"line":171,"column":8}},"61":{"start":{"line":167,"column":8},"end":{"line":169,"column":9}},"62":{"start":{"line":168,"column":10},"end":{"line":168,"column":31}},"63":{"start":{"line":170,"column":8},"end":{"line":170,"column":19}},"64":{"start":{"line":172,"column":45},"end":{"line":172,"column":70}},"65":{"start":{"line":173,"column":6},"end":{"line":175,"column":7}},"66":{"start":{"line":174,"column":8},"end":{"line":174,"column":72}},"67":{"start":{"line":176,"column":6},"end":{"line":176,"column":50}},"68":{"start":{"line":178,"column":6},"end":{"line":178,"column":32}},"69":{"start":{"line":183,"column":73},"end":{"line":190,"column":2}},"70":{"start":{"line":185,"column":6},"end":{"line":190,"column":1}},"71":{"start":{"line":192,"column":67},"end":{"line":194,"column":2}},"72":{"start":{"line":192,"column":74},"end":{"line":194,"column":1}},"73":{"start":{"line":196,"column":20},"end":{"line":213,"column":1}},"74":{"start":{"line":197,"column":2},"end":{"line":212,"column":3}},"75":{"start":{"line":198,"column":4},"end":{"line":211,"column":5}},"76":{"start":{"line":199,"column":23},"end":{"line":199,"column":38}},"77":{"start":{"line":200,"column":31},"end":{"line":207,"column":7}},"78":{"start":{"line":202,"column":40},"end":{"line":202,"column":58}},"79":{"start":{"line":203,"column":10},"end":{"line":203,"column":41}},"80":{"start":{"line":204,"column":10},"end":{"line":204,"column":23}},"81":{"start":{"line":208,"column":6},"end":{"line":208,"column":48}},"82":{"start":{"line":210,"column":6},"end":{"line":210,"column":29}},"83":{"start":{"line":215,"column":65},"end":{"line":222,"column":2}},"84":{"start":{"line":217,"column":6},"end":{"line":222,"column":1}},"85":{"start":{"line":224,"column":59},"end":{"line":227,"column":2}},"86":{"start":{"line":224,"column":66},"end":{"line":227,"column":1}},"87":{"start":{"line":229,"column":19},"end":{"line":242,"column":1}},"88":{"start":{"line":230,"column":2},"end":{"line":241,"column":3}},"89":{"start":{"line":231,"column":4},"end":{"line":240,"column":5}},"90":{"start":{"line":232,"column":25},"end":{"line":232,"column":37}},"91":{"start":{"line":233,"column":45},"end":{"line":233,"column":52}},"92":{"start":{"line":234,"column":6},"end":{"line":234,"column":34}},"93":{"start":{"line":235,"column":30},"end":{"line":235,"column":40}},"94":{"start":{"line":236,"column":6},"end":{"line":236,"column":38}},"95":{"start":{"line":237,"column":6},"end":{"line":237,"column":50}},"96":{"start":{"line":239,"column":6},"end":{"line":239,"column":32}},"97":{"start":{"line":244,"column":67},"end":{"line":251,"column":2}},"98":{"start":{"line":246,"column":6},"end":{"line":251,"column":1}},"99":{"start":{"line":253,"column":61},"end":{"line":255,"column":2}},"100":{"start":{"line":253,"column":68},"end":{"line":255,"column":1}},"101":{"start":{"line":257,"column":23},"end":{"line":265,"column":1}}},"fnMap":{"0":{"name":"(anonymous_0)","decl":{"start":{"line":29,"column":21},"end":{"line":29,"column":22}},"loc":{"start":{"line":29,"column":40},"end":{"line":48,"column":1}},"line":29},"1":{"name":"(anonymous_1)","decl":{"start":{"line":30,"column":9},"end":{"line":30,"column":10}},"loc":{"start":{"line":30,"column":39},"end":{"line":47,"column":3}},"line":30},"2":{"name":"(anonymous_2)","decl":{"start":{"line":33,"column":8},"end":{"line":33,"column":9}},"loc":{"start":{"line":33,"column":42},"end":{"line":41,"column":9}},"line":33},"3":{"name":"(anonymous_3)","decl":{"start":{"line":50,"column":76},"end":{"line":50,"column":77}},"loc":{"start":{"line":52,"column":6},"end":{"line":57,"column":1}},"line":52},"4":{"name":"(anonymous_4)","decl":{"start":{"line":59,"column":71},"end":{"line":59,"column":72}},"loc":{"start":{"line":59,"column":78},"end":{"line":61,"column":1}},"line":59},"5":{"name":"(anonymous_5)","decl":{"start":{"line":63,"column":28},"end":{"line":63,"column":29}},"loc":{"start":{"line":63,"column":62},"end":{"line":81,"column":1}},"line":63},"6":{"name":"(anonymous_6)","decl":{"start":{"line":64,"column":9},"end":{"line":64,"column":10}},"loc":{"start":{"line":64,"column":39},"end":{"line":80,"column":3}},"line":64},"7":{"name":"(anonymous_7)","decl":{"start":{"line":66,"column":40},"end":{"line":66,"column":41}},"loc":{"start":{"line":66,"column":70},"end":{"line":71,"column":7}},"line":66},"8":{"name":"(anonymous_8)","decl":{"start":{"line":85,"column":4},"end":{"line":85,"column":5}},"loc":{"start":{"line":85,"column":24},"end":{"line":88,"column":1}},"line":85},"9":{"name":"(anonymous_9)","decl":{"start":{"line":92,"column":4},"end":{"line":92,"column":5}},"loc":{"start":{"line":92,"column":11},"end":{"line":94,"column":1}},"line":92},"10":{"name":"(anonymous_10)","decl":{"start":{"line":96,"column":16},"end":{"line":96,"column":17}},"loc":{"start":{"line":96,"column":56},"end":{"line":111,"column":1}},"line":96},"11":{"name":"(anonymous_11)","decl":{"start":{"line":97,"column":9},"end":{"line":97,"column":10}},"loc":{"start":{"line":97,"column":39},"end":{"line":110,"column":3}},"line":97},"12":{"name":"(anonymous_12)","decl":{"start":{"line":113,"column":67},"end":{"line":113,"column":68}},"loc":{"start":{"line":116,"column":6},"end":{"line":122,"column":1}},"line":116},"13":{"name":"(anonymous_13)","decl":{"start":{"line":124,"column":61},"end":{"line":124,"column":62}},"loc":{"start":{"line":124,"column":68},"end":{"line":126,"column":1}},"line":124},"14":{"name":"(anonymous_14)","decl":{"start":{"line":128,"column":22},"end":{"line":128,"column":23}},"loc":{"start":{"line":128,"column":56},"end":{"line":146,"column":1}},"line":128},"15":{"name":"(anonymous_15)","decl":{"start":{"line":129,"column":9},"end":{"line":129,"column":10}},"loc":{"start":{"line":129,"column":39},"end":{"line":145,"column":3}},"line":129},"16":{"name":"(anonymous_16)","decl":{"start":{"line":131,"column":48},"end":{"line":131,"column":49}},"loc":{"start":{"line":131,"column":78},"end":{"line":136,"column":7}},"line":131},"17":{"name":"(anonymous_17)","decl":{"start":{"line":148,"column":79},"end":{"line":148,"column":80}},"loc":{"start":{"line":150,"column":6},"end":{"line":155,"column":1}},"line":150},"18":{"name":"(anonymous_18)","decl":{"start":{"line":159,"column":4},"end":{"line":159,"column":5}},"loc":{"start":{"line":159,"column":11},"end":{"line":161,"column":1}},"line":159},"19":{"name":"(anonymous_19)","decl":{"start":{"line":163,"column":19},"end":{"line":163,"column":20}},"loc":{"start":{"line":163,"column":53},"end":{"line":181,"column":1}},"line":163},"20":{"name":"(anonymous_20)","decl":{"start":{"line":164,"column":9},"end":{"line":164,"column":10}},"loc":{"start":{"line":164,"column":39},"end":{"line":180,"column":3}},"line":164},"21":{"name":"(anonymous_21)","decl":{"start":{"line":166,"column":48},"end":{"line":166,"column":49}},"loc":{"start":{"line":166,"column":78},"end":{"line":171,"column":7}},"line":166},"22":{"name":"(anonymous_22)","decl":{"start":{"line":183,"column":73},"end":{"line":183,"column":74}},"loc":{"start":{"line":185,"column":6},"end":{"line":190,"column":1}},"line":185},"23":{"name":"(anonymous_23)","decl":{"start":{"line":192,"column":67},"end":{"line":192,"column":68}},"loc":{"start":{"line":192,"column":74},"end":{"line":194,"column":1}},"line":192},"24":{"name":"(anonymous_24)","decl":{"start":{"line":196,"column":20},"end":{"line":196,"column":21}},"loc":{"start":{"line":196,"column":26},"end":{"line":213,"column":1}},"line":196},"25":{"name":"(anonymous_25)","decl":{"start":{"line":197,"column":9},"end":{"line":197,"column":10}},"loc":{"start":{"line":197,"column":39},"end":{"line":212,"column":3}},"line":197},"26":{"name":"(anonymous_26)","decl":{"start":{"line":201,"column":8},"end":{"line":201,"column":9}},"loc":{"start":{"line":201,"column":41},"end":{"line":205,"column":9}},"line":201},"27":{"name":"(anonymous_27)","decl":{"start":{"line":215,"column":65},"end":{"line":215,"column":66}},"loc":{"start":{"line":217,"column":6},"end":{"line":222,"column":1}},"line":217},"28":{"name":"(anonymous_28)","decl":{"start":{"line":224,"column":59},"end":{"line":224,"column":60}},"loc":{"start":{"line":224,"column":66},"end":{"line":227,"column":1}},"line":224},"29":{"name":"(anonymous_29)","decl":{"start":{"line":229,"column":19},"end":{"line":229,"column":20}},"loc":{"start":{"line":229,"column":53},"end":{"line":242,"column":1}},"line":229},"30":{"name":"(anonymous_30)","decl":{"start":{"line":230,"column":9},"end":{"line":230,"column":10}},"loc":{"start":{"line":230,"column":39},"end":{"line":241,"column":3}},"line":230},"31":{"name":"(anonymous_31)","decl":{"start":{"line":244,"column":67},"end":{"line":244,"column":68}},"loc":{"start":{"line":246,"column":6},"end":{"line":251,"column":1}},"line":246},"32":{"name":"(anonymous_32)","decl":{"start":{"line":253,"column":61},"end":{"line":253,"column":62}},"loc":{"start":{"line":253,"column":68},"end":{"line":255,"column":1}},"line":253}},"branchMap":{"0":{"loc":{"start":{"line":37,"column":10},"end":{"line":39,"column":11}},"type":"if","locations":[{"start":{"line":37,"column":10},"end":{"line":39,"column":11}},{"start":{"line":37,"column":10},"end":{"line":39,"column":11}}],"line":37},"1":{"loc":{"start":{"line":67,"column":8},"end":{"line":69,"column":9}},"type":"if","locations":[{"start":{"line":67,"column":8},"end":{"line":69,"column":9}},{"start":{"line":67,"column":8},"end":{"line":69,"column":9}}],"line":67},"2":{"loc":{"start":{"line":73,"column":6},"end":{"line":75,"column":7}},"type":"if","locations":[{"start":{"line":73,"column":6},"end":{"line":75,"column":7}},{"start":{"line":73,"column":6},"end":{"line":75,"column":7}}],"line":73},"3":{"loc":{"start":{"line":132,"column":8},"end":{"line":134,"column":9}},"type":"if","locations":[{"start":{"line":132,"column":8},"end":{"line":134,"column":9}},{"start":{"line":132,"column":8},"end":{"line":134,"column":9}}],"line":132},"4":{"loc":{"start":{"line":138,"column":6},"end":{"line":140,"column":7}},"type":"if","locations":[{"start":{"line":138,"column":6},"end":{"line":140,"column":7}},{"start":{"line":138,"column":6},"end":{"line":140,"column":7}}],"line":138},"5":{"loc":{"start":{"line":167,"column":8},"end":{"line":169,"column":9}},"type":"if","locations":[{"start":{"line":167,"column":8},"end":{"line":169,"column":9}},{"start":{"line":167,"column":8},"end":{"line":169,"column":9}}],"line":167},"6":{"loc":{"start":{"line":173,"column":6},"end":{"line":175,"column":7}},"type":"if","locations":[{"start":{"line":173,"column":6},"end":{"line":175,"column":7}},{"start":{"line":173,"column":6},"end":{"line":175,"column":7}}],"line":173}},"s":{"0":4,"1":2,"2":2,"3":2,"4":4,"5":4,"6":4,"7":4,"8":2,"9":0,"10":4,"11":4,"12":4,"13":2,"14":4,"15":3,"16":3,"17":3,"18":6,"19":3,"20":6,"21":3,"22":3,"23":3,"24":1,"25":2,"26":4,"27":3,"28":4,"29":5,"30":4,"31":2,"32":2,"33":2,"34":2,"35":1,"36":1,"37":4,"38":3,"39":4,"40":3,"41":4,"42":1,"43":1,"44":1,"45":2,"46":1,"47":2,"48":1,"49":1,"50":1,"51":0,"52":1,"53":4,"54":1,"55":4,"56":3,"57":4,"58":1,"59":1,"60":1,"61":2,"62":1,"63":2,"64":1,"65":1,"66":1,"67":0,"68":1,"69":4,"70":1,"71":4,"72":3,"73":4,"74":2,"75":2,"76":2,"77":1,"78":2,"79":2,"80":2,"81":1,"82":1,"83":4,"84":3,"85":4,"86":3,"87":4,"88":2,"89":2,"90":2,"91":2,"92":2,"93":1,"94":1,"95":1,"96":1,"97":4,"98":3,"99":4,"100":3,"101":4},"f":{"0":2,"1":2,"2":4,"3":4,"4":2,"5":3,"6":3,"7":6,"8":3,"9":5,"10":2,"11":2,"12":3,"13":3,"14":1,"15":1,"16":2,"17":1,"18":3,"19":1,"20":1,"21":2,"22":1,"23":3,"24":2,"25":2,"26":2,"27":3,"28":3,"29":2,"30":2,"31":3,"32":3},"b":{"0":[4,0],"1":[3,3],"2":[3,0],"3":[1,1],"4":[1,0],"5":[1,1],"6":[1,0]},"_coverageSchema":"43e27e138ebf9cfc5966b082cf9a028302ed4184","hash":"5616ebb74629a62786959be7f975e4e6f43be970"}
,"/Users/marco/DeveloperProjects/ToDoAppRedux/ToDoApp/colors/Colors.ts": {"path":"/Users/marco/DeveloperProjects/ToDoAppRedux/ToDoApp/colors/Colors.ts","statementMap":{"0":{"start":{"line":1,"column":22},"end":{"line":10,"column":1}}},"fnMap":{},"branchMap":{},"s":{"0":13},"f":{},"b":{},"_coverageSchema":"43e27e138ebf9cfc5966b082cf9a028302ed4184","hash":"903afe0faa5041382ff7ebe2b6144382947bd9ff"}
,"/Users/marco/DeveloperProjects/ToDoAppRedux/ToDoApp/components/button/index.tsx": {"path":"/Users/marco/DeveloperProjects/ToDoAppRedux/ToDoApp/components/button/index.tsx","statementMap":{"0":{"start":{"line":11,"column":22},"end":{"line":19,"column":1}},"1":{"start":{"line":12,"column":2},"end":{"line":18,"column":9}}},"fnMap":{"0":{"name":"(anonymous_0)","decl":{"start":{"line":11,"column":22},"end":{"line":11,"column":23}},"loc":{"start":{"line":12,"column":2},"end":{"line":18,"column":9}},"line":12}},"branchMap":{},"s":{"0":6,"1":1},"f":{"0":1},"b":{},"_coverageSchema":"43e27e138ebf9cfc5966b082cf9a028302ed4184","hash":"f6f17e8db5c7e87dcb7ad336b3bc2fc2682b5b38"}
,"/Users/marco/DeveloperProjects/ToDoAppRedux/ToDoApp/components/button/styles.ts": {"path":"/Users/marco/DeveloperProjects/ToDoAppRedux/ToDoApp/components/button/styles.ts","statementMap":{"0":{"start":{"line":4,"column":22},"end":{"line":14,"column":2}}},"fnMap":{},"branchMap":{},"s":{"0":6},"f":{},"b":{},"_coverageSchema":"43e27e138ebf9cfc5966b082cf9a028302ed4184","hash":"ebc32544d78b0eb212628429e05859cf79b6811d"}
,"/Users/marco/DeveloperProjects/ToDoAppRedux/ToDoApp/components/checkbox/index.tsx": {"path":"/Users/marco/DeveloperProjects/ToDoAppRedux/ToDoApp/components/checkbox/index.tsx","statementMap":{"0":{"start":{"line":12,"column":24},"end":{"line":22,"column":1}},"1":{"start":{"line":13,"column":2},"end":{"line":21,"column":9}}},"fnMap":{"0":{"name":"(anonymous_0)","decl":{"start":{"line":12,"column":24},"end":{"line":12,"column":25}},"loc":{"start":{"line":13,"column":2},"end":{"line":21,"column":9}},"line":13}},"branchMap":{"0":{"loc":{"start":{"line":15,"column":7},"end":{"line":19,"column":7}},"type":"cond-expr","locations":[{"start":{"line":16,"column":8},"end":{"line":16,"column":41}},{"start":{"line":18,"column":8},"end":{"line":18,"column":43}}],"line":15}},"s":{"0":5,"1":2},"f":{"0":2},"b":{"0":[1,1]},"_coverageSchema":"43e27e138ebf9cfc5966b082cf9a028302ed4184","hash":"5e28cac37bcba529469cd3d035bb05eff34a34a0"}
,"/Users/marco/DeveloperProjects/ToDoAppRedux/ToDoApp/components/checkbox/styles.ts": {"path":"/Users/marco/DeveloperProjects/ToDoAppRedux/ToDoApp/components/checkbox/styles.ts","statementMap":{"0":{"start":{"line":4,"column":22},"end":{"line":11,"column":2}}},"fnMap":{},"branchMap":{},"s":{"0":5},"f":{},"b":{},"_coverageSchema":"43e27e138ebf9cfc5966b082cf9a028302ed4184","hash":"813b3d251ccf4fa6829ed5b321e21d35eeef9b23"}
,"/Users/marco/DeveloperProjects/ToDoAppRedux/ToDoApp/components/item/index.tsx": {"path":"/Users/marco/DeveloperProjects/ToDoAppRedux/ToDoApp/components/item/index.tsx","statementMap":{"0":{"start":{"line":15,"column":20},"end":{"line":28,"column":1}},"1":{"start":{"line":16,"column":2},"end":{"line":27,"column":21}}},"fnMap":{"0":{"name":"(anonymous_0)","decl":{"start":{"line":15,"column":20},"end":{"line":15,"column":21}},"loc":{"start":{"line":16,"column":2},"end":{"line":27,"column":21}},"line":16}},"branchMap":{},"s":{"0":4,"1":1},"f":{"0":1},"b":{},"_coverageSchema":"43e27e138ebf9cfc5966b082cf9a028302ed4184","hash":"f15e95f671dbda256b25da8f97e5c1c8a0f0cdca"}
,"/Users/marco/DeveloperProjects/ToDoAppRedux/ToDoApp/components/item/styles.ts": {"path":"/Users/marco/DeveloperProjects/ToDoAppRedux/ToDoApp/components/item/styles.ts","statementMap":{"0":{"start":{"line":4,"column":22},"end":{"line":30,"column":2}}},"fnMap":{},"branchMap":{},"s":{"0":4},"f":{},"b":{},"_coverageSchema":"43e27e138ebf9cfc5966b082cf9a028302ed4184","hash":"2becff54cff2256f61e9e885795a5e8ba84d0c49"}
,"/Users/marco/DeveloperProjects/ToDoAppRedux/ToDoApp/containers/detail/Layout.tsx": {"path":"/Users/marco/DeveloperProjects/ToDoAppRedux/ToDoApp/containers/detail/Layout.tsx","statementMap":{"0":{"start":{"line":9,"column":54},"end":{"line":42,"column":1}},"1":{"start":{"line":15,"column":2},"end":{"line":41,"column":3}},"2":{"start":{"line":22,"column":12},"end":{"line":22,"column":61}},"3":{"start":{"line":23,"column":12},"end":{"line":23,"column":28}},"4":{"start":{"line":36,"column":10},"end":{"line":36,"column":56}},"5":{"start":{"line":37,"column":10},"end":{"line":37,"column":26}}},"fnMap":{"0":{"name":"(anonymous_0)","decl":{"start":{"line":9,"column":54},"end":{"line":9,"column":55}},"loc":{"start":{"line":14,"column":19},"end":{"line":42,"column":1}},"line":14},"1":{"name":"(anonymous_1)","decl":{"start":{"line":21,"column":19},"end":{"line":21,"column":20}},"loc":{"start":{"line":21,"column":25},"end":{"line":24,"column":11}},"line":21},"2":{"name":"(anonymous_2)","decl":{"start":{"line":35,"column":17},"end":{"line":35,"column":18}},"loc":{"start":{"line":35,"column":23},"end":{"line":38,"column":9}},"line":35}},"branchMap":{},"s":{"0":2,"1":1,"2":0,"3":0,"4":0,"5":0},"f":{"0":1,"1":0,"2":0},"b":{},"_coverageSchema":"43e27e138ebf9cfc5966b082cf9a028302ed4184","hash":"3bcb9523708f0ffc22ecd9c70769d734a6ab781c"}
,"/Users/marco/DeveloperProjects/ToDoAppRedux/ToDoApp/containers/detail/mapDispatchToProps.ts": {"path":"/Users/marco/DeveloperProjects/ToDoAppRedux/ToDoApp/containers/detail/mapDispatchToProps.ts","statementMap":{"0":{"start":{"line":6,"column":34},"end":{"line":15,"column":2}},"1":{"start":{"line":8,"column":6},"end":{"line":15,"column":1}},"2":{"start":{"line":10,"column":4},"end":{"line":10,"column":49}},"3":{"start":{"line":13,"column":4},"end":{"line":13,"column":46}}},"fnMap":{"0":{"name":"(anonymous_0)","decl":{"start":{"line":6,"column":34},"end":{"line":6,"column":35}},"loc":{"start":{"line":8,"column":6},"end":{"line":15,"column":1}},"line":8},"1":{"name":"(anonymous_1)","decl":{"start":{"line":9,"column":17},"end":{"line":9,"column":18}},"loc":{"start":{"line":9,"column":51},"end":{"line":11,"column":3}},"line":9},"2":{"name":"(anonymous_2)","decl":{"start":{"line":12,"column":14},"end":{"line":12,"column":15}},"loc":{"start":{"line":12,"column":48},"end":{"line":14,"column":3}},"line":12}},"branchMap":{},"s":{"0":1,"1":1,"2":0,"3":0},"f":{"0":1,"1":0,"2":0},"b":{},"_coverageSchema":"43e27e138ebf9cfc5966b082cf9a028302ed4184","hash":"7adb8567b9c4adff5d77a6d23ae957587c0a8b7a"}
,"/Users/marco/DeveloperProjects/ToDoAppRedux/ToDoApp/containers/detail/mapStateToProps.ts": {"path":"/Users/marco/DeveloperProjects/ToDoAppRedux/ToDoApp/containers/detail/mapStateToProps.ts","statementMap":{"0":{"start":{"line":4,"column":68},"end":{"line":10,"column":1}},"1":{"start":{"line":7,"column":2},"end":{"line":9,"column":4}}},"fnMap":{"0":{"name":"(anonymous_0)","decl":{"start":{"line":4,"column":68},"end":{"line":4,"column":69}},"loc":{"start":{"line":6,"column":5},"end":{"line":10,"column":1}},"line":6}},"branchMap":{},"s":{"0":1,"1":1},"f":{"0":1},"b":{},"_coverageSchema":"43e27e138ebf9cfc5966b082cf9a028302ed4184","hash":"bdd8408bfa5a0ee92403cde6c745caa69b6d649d"}
,"/Users/marco/DeveloperProjects/ToDoAppRedux/ToDoApp/containers/detail/styles.ts": {"path":"/Users/marco/DeveloperProjects/ToDoAppRedux/ToDoApp/containers/detail/styles.ts","statementMap":{"0":{"start":{"line":4,"column":22},"end":{"line":28,"column":2}}},"fnMap":{},"branchMap":{},"s":{"0":2},"f":{},"b":{},"_coverageSchema":"43e27e138ebf9cfc5966b082cf9a028302ed4184","hash":"8a38655f4fedf0343f21bf51370fb84dbbb95aea"}
,"/Users/marco/DeveloperProjects/ToDoAppRedux/ToDoApp/containers/detail/withNavigationHeader.tsx": {"path":"/Users/marco/DeveloperProjects/ToDoAppRedux/ToDoApp/containers/detail/withNavigationHeader.tsx","statementMap":{"0":{"start":{"line":11,"column":4},"end":{"line":22,"column":1}},"1":{"start":{"line":12,"column":2},"end":{"line":21,"column":3}},"2":{"start":{"line":19,"column":6},"end":{"line":19,"column":33}}},"fnMap":{"0":{"name":"(anonymous_0)","decl":{"start":{"line":11,"column":4},"end":{"line":11,"column":5}},"loc":{"start":{"line":11,"column":45},"end":{"line":22,"column":1}},"line":11},"1":{"name":"(anonymous_1)","decl":{"start":{"line":18,"column":4},"end":{"line":18,"column":5}},"loc":{"start":{"line":18,"column":13},"end":{"line":20,"column":5}},"line":18}},"branchMap":{},"s":{"0":1,"1":1,"2":0},"f":{"0":1,"1":0},"b":{},"_coverageSchema":"43e27e138ebf9cfc5966b082cf9a028302ed4184","hash":"2632db0a7116b149c81bcaa54ff5c3c58f0bab9f"}
,"/Users/marco/DeveloperProjects/ToDoAppRedux/ToDoApp/containers/home/Layout.tsx": {"path":"/Users/marco/DeveloperProjects/ToDoAppRedux/ToDoApp/containers/home/Layout.tsx","statementMap":{"0":{"start":{"line":8,"column":54},"end":{"line":36,"column":1}},"1":{"start":{"line":16,"column":2},"end":{"line":35,"column":3}},"2":{"start":{"line":21,"column":39},"end":{"line":21,"column":55}},"3":{"start":{"line":23,"column":10},"end":{"line":30,"column":11}},"4":{"start":{"line":32,"column":35},"end":{"line":32,"column":67}}},"fnMap":{"0":{"name":"(anonymous_0)","decl":{"start":{"line":8,"column":54},"end":{"line":8,"column":55}},"loc":{"start":{"line":15,"column":19},"end":{"line":36,"column":1}},"line":15},"1":{"name":"(anonymous_1)","decl":{"start":{"line":21,"column":22},"end":{"line":21,"column":23}},"loc":{"start":{"line":21,"column":39},"end":{"line":21,"column":55}},"line":21},"2":{"name":"(anonymous_2)","decl":{"start":{"line":22,"column":20},"end":{"line":22,"column":21}},"loc":{"start":{"line":23,"column":10},"end":{"line":30,"column":11}},"line":23},"3":{"name":"(anonymous_3)","decl":{"start":{"line":32,"column":29},"end":{"line":32,"column":30}},"loc":{"start":{"line":32,"column":35},"end":{"line":32,"column":67}},"line":32}},"branchMap":{},"s":{"0":2,"1":3,"2":0,"3":0,"4":0},"f":{"0":3,"1":0,"2":0,"3":0},"b":{},"_coverageSchema":"43e27e138ebf9cfc5966b082cf9a028302ed4184","hash":"034c1e24abd88ec8ac7f44b5def44f5be8f1b190"}
,"/Users/marco/DeveloperProjects/ToDoAppRedux/ToDoApp/containers/home/mapDispatchToProps.ts": {"path":"/Users/marco/DeveloperProjects/ToDoAppRedux/ToDoApp/containers/home/mapDispatchToProps.ts","statementMap":{"0":{"start":{"line":6,"column":34},"end":{"line":21,"column":2}},"1":{"start":{"line":8,"column":6},"end":{"line":21,"column":1}},"2":{"start":{"line":10,"column":4},"end":{"line":10,"column":35}},"3":{"start":{"line":13,"column":4},"end":{"line":13,"column":41}},"4":{"start":{"line":16,"column":4},"end":{"line":16,"column":55}},"5":{"start":{"line":19,"column":4},"end":{"line":19,"column":46}}},"fnMap":{"0":{"name":"(anonymous_0)","decl":{"start":{"line":6,"column":34},"end":{"line":6,"column":35}},"loc":{"start":{"line":8,"column":6},"end":{"line":21,"column":1}},"line":8},"1":{"name":"(anonymous_1)","decl":{"start":{"line":9,"column":15},"end":{"line":9,"column":16}},"loc":{"start":{"line":9,"column":21},"end":{"line":11,"column":3}},"line":9},"2":{"name":"(anonymous_2)","decl":{"start":{"line":12,"column":16},"end":{"line":12,"column":17}},"loc":{"start":{"line":12,"column":35},"end":{"line":14,"column":3}},"line":12},"3":{"name":"(anonymous_3)","decl":{"start":{"line":15,"column":23},"end":{"line":15,"column":24}},"loc":{"start":{"line":15,"column":57},"end":{"line":17,"column":3}},"line":15},"4":{"name":"(anonymous_4)","decl":{"start":{"line":18,"column":14},"end":{"line":18,"column":15}},"loc":{"start":{"line":18,"column":48},"end":{"line":20,"column":3}},"line":18}},"branchMap":{},"s":{"0":1,"1":1,"2":0,"3":0,"4":0,"5":0},"f":{"0":1,"1":0,"2":0,"3":0,"4":0},"b":{},"_coverageSchema":"43e27e138ebf9cfc5966b082cf9a028302ed4184","hash":"6710b3070c35a3b72391950a2da6108c781e4b15"}
,"/Users/marco/DeveloperProjects/ToDoAppRedux/ToDoApp/containers/home/mapStateToProps.ts": {"path":"/Users/marco/DeveloperProjects/ToDoAppRedux/ToDoApp/containers/home/mapStateToProps.ts","statementMap":{"0":{"start":{"line":4,"column":68},"end":{"line":10,"column":1}},"1":{"start":{"line":7,"column":2},"end":{"line":9,"column":4}}},"fnMap":{"0":{"name":"(anonymous_0)","decl":{"start":{"line":4,"column":68},"end":{"line":4,"column":69}},"loc":{"start":{"line":6,"column":5},"end":{"line":10,"column":1}},"line":6}},"branchMap":{},"s":{"0":1,"1":1},"f":{"0":1},"b":{},"_coverageSchema":"43e27e138ebf9cfc5966b082cf9a028302ed4184","hash":"5537cbfcb24abd55ddbd3aa4cbd31281dbf38a07"}
,"/Users/marco/DeveloperProjects/ToDoAppRedux/ToDoApp/containers/home/renderFooter.tsx": {"path":"/Users/marco/DeveloperProjects/ToDoAppRedux/ToDoApp/containers/home/renderFooter.tsx","statementMap":{"0":{"start":{"line":9,"column":28},"end":{"line":26,"column":1}},"1":{"start":{"line":13,"column":2},"end":{"line":25,"column":4}},"2":{"start":{"line":18,"column":8},"end":{"line":18,"column":27}}},"fnMap":{"0":{"name":"(anonymous_0)","decl":{"start":{"line":9,"column":28},"end":{"line":9,"column":29}},"loc":{"start":{"line":12,"column":5},"end":{"line":26,"column":1}},"line":12},"1":{"name":"(anonymous_1)","decl":{"start":{"line":17,"column":15},"end":{"line":17,"column":16}},"loc":{"start":{"line":17,"column":21},"end":{"line":19,"column":7}},"line":17}},"branchMap":{"0":{"loc":{"start":{"line":13,"column":9},"end":{"line":25,"column":3}},"type":"cond-expr","locations":[{"start":{"line":14,"column":4},"end":{"line":20,"column":6}},{"start":{"line":22,"column":4},"end":{"line":24,"column":11}}],"line":13}},"s":{"0":3,"1":2,"2":0},"f":{"0":2,"1":0},"b":{"0":[1,1]},"_coverageSchema":"43e27e138ebf9cfc5966b082cf9a028302ed4184","hash":"3bf43c9fb7c02ceab6db53dfc00c3d4da0e2fc31"}
,"/Users/marco/DeveloperProjects/ToDoAppRedux/ToDoApp/containers/home/renderItem.tsx": {"path":"/Users/marco/DeveloperProjects/ToDoAppRedux/ToDoApp/containers/home/renderItem.tsx","statementMap":{"0":{"start":{"line":18,"column":26},"end":{"line":54,"column":1}},"1":{"start":{"line":26,"column":2},"end":{"line":53,"column":4}},"2":{"start":{"line":34,"column":12},"end":{"line":34,"column":41}},"3":{"start":{"line":43,"column":10},"end":{"line":45,"column":13}},"4":{"start":{"line":49,"column":10},"end":{"line":49,"column":48}}},"fnMap":{"0":{"name":"(anonymous_0)","decl":{"start":{"line":18,"column":26},"end":{"line":18,"column":27}},"loc":{"start":{"line":25,"column":5},"end":{"line":54,"column":1}},"line":25},"1":{"name":"(anonymous_1)","decl":{"start":{"line":33,"column":19},"end":{"line":33,"column":20}},"loc":{"start":{"line":33,"column":25},"end":{"line":35,"column":11}},"line":33},"2":{"name":"(anonymous_2)","decl":{"start":{"line":42,"column":17},"end":{"line":42,"column":18}},"loc":{"start":{"line":42,"column":23},"end":{"line":46,"column":9}},"line":42},"3":{"name":"(anonymous_3)","decl":{"start":{"line":48,"column":23},"end":{"line":48,"column":24}},"loc":{"start":{"line":48,"column":29},"end":{"line":50,"column":9}},"line":48}},"branchMap":{},"s":{"0":3,"1":1,"2":0,"3":0,"4":0},"f":{"0":1,"1":0,"2":0,"3":0},"b":{},"_coverageSchema":"43e27e138ebf9cfc5966b082cf9a028302ed4184","hash":"99947fdf1f1325be68524df8ce0f1db43d51f11d"}
,"/Users/marco/DeveloperProjects/ToDoAppRedux/ToDoApp/containers/home/styles.ts": {"path":"/Users/marco/DeveloperProjects/ToDoAppRedux/ToDoApp/containers/home/styles.ts","statementMap":{"0":{"start":{"line":4,"column":22},"end":{"line":47,"column":2}}},"fnMap":{},"branchMap":{},"s":{"0":4},"f":{},"b":{},"_coverageSchema":"43e27e138ebf9cfc5966b082cf9a028302ed4184","hash":"1f21147a4aae1a493c11ba0c29e647d5bdd3839d"}
,"/Users/marco/DeveloperProjects/ToDoAppRedux/ToDoApp/containers/home/withLifecyclesMethods.ts": {"path":"/Users/marco/DeveloperProjects/ToDoAppRedux/ToDoApp/containers/home/withLifecyclesMethods.ts","statementMap":{"0":{"start":{"line":4,"column":36},"end":{"line":12,"column":2}},"1":{"start":{"line":6,"column":27},"end":{"line":6,"column":37}},"2":{"start":{"line":7,"column":4},"end":{"line":9,"column":7}},"3":{"start":{"line":10,"column":4},"end":{"line":10,"column":29}}},"fnMap":{"0":{"name":"(anonymous_0)","decl":{"start":{"line":5,"column":2},"end":{"line":5,"column":3}},"loc":{"start":{"line":5,"column":22},"end":{"line":11,"column":3}},"line":5}},"branchMap":{},"s":{"0":1,"1":1,"2":1,"3":1},"f":{"0":1},"b":{},"_coverageSchema":"43e27e138ebf9cfc5966b082cf9a028302ed4184","hash":"0347fa852f7fe7ddb2eae9a4ae5b0ae4316911dc"}
,"/Users/marco/DeveloperProjects/ToDoAppRedux/ToDoApp/containers/home/withNavigationHeader.tsx": {"path":"/Users/marco/DeveloperProjects/ToDoAppRedux/ToDoApp/containers/home/withNavigationHeader.tsx","statementMap":{"0":{"start":{"line":12,"column":4},"end":{"line":41,"column":1}},"1":{"start":{"line":13,"column":2},"end":{"line":40,"column":4}},"2":{"start":{"line":16,"column":50},"end":{"line":36,"column":5}},"3":{"start":{"line":22,"column":14},"end":{"line":22,"column":49}},"4":{"start":{"line":31,"column":43},"end":{"line":31,"column":73}},"5":{"start":{"line":38,"column":6},"end":{"line":38,"column":34}}},"fnMap":{"0":{"name":"(anonymous_0)","decl":{"start":{"line":12,"column":4},"end":{"line":12,"column":5}},"loc":{"start":{"line":12,"column":45},"end":{"line":41,"column":1}},"line":12},"1":{"name":"(anonymous_1)","decl":{"start":{"line":14,"column":38},"end":{"line":14,"column":39}},"loc":{"start":{"line":16,"column":50},"end":{"line":36,"column":5}},"line":16},"2":{"name":"(anonymous_2)","decl":{"start":{"line":21,"column":21},"end":{"line":21,"column":22}},"loc":{"start":{"line":21,"column":27},"end":{"line":23,"column":13}},"line":21},"3":{"name":"(anonymous_3)","decl":{"start":{"line":31,"column":37},"end":{"line":31,"column":38}},"loc":{"start":{"line":31,"column":43},"end":{"line":31,"column":73}},"line":31},"4":{"name":"(anonymous_4)","decl":{"start":{"line":37,"column":4},"end":{"line":37,"column":5}},"loc":{"start":{"line":37,"column":20},"end":{"line":39,"column":5}},"line":37}},"branchMap":{},"s":{"0":1,"1":1,"2":0,"3":0,"4":0,"5":0},"f":{"0":1,"1":0,"2":0,"3":0,"4":0},"b":{},"_coverageSchema":"43e27e138ebf9cfc5966b082cf9a028302ed4184","hash":"f2fc29088804ce570a528c60db888cf34d7aaac6"}
,"/Users/marco/DeveloperProjects/ToDoAppRedux/ToDoApp/containers/home/withStateHandlers.ts": {"path":"/Users/marco/DeveloperProjects/ToDoAppRedux/ToDoApp/containers/home/withStateHandlers.ts","statementMap":{"0":{"start":{"line":4,"column":28},"end":{"line":18,"column":1}},"1":{"start":{"line":8,"column":2},"end":{"line":13,"column":3}},"2":{"start":{"line":9,"column":4},"end":{"line":11,"column":14}},"3":{"start":{"line":12,"column":4},"end":{"line":12,"column":15}},"4":{"start":{"line":14,"column":2},"end":{"line":16,"column":12}},"5":{"start":{"line":17,"column":2},"end":{"line":17,"column":14}},"6":{"start":{"line":20,"column":39},"end":{"line":33,"column":1}},"7":{"start":{"line":26,"column":34},"end":{"line":31,"column":6}},"8":{"start":{"line":26,"column":41},"end":{"line":31,"column":5}}},"fnMap":{"0":{"name":"(anonymous_0)","decl":{"start":{"line":4,"column":28},"end":{"line":4,"column":29}},"loc":{"start":{"line":7,"column":14},"end":{"line":18,"column":1}},"line":7},"1":{"name":"(anonymous_1)","decl":{"start":{"line":26,"column":25},"end":{"line":26,"column":26}},"loc":{"start":{"line":26,"column":34},"end":{"line":31,"column":6}},"line":26},"2":{"name":"(anonymous_2)","decl":{"start":{"line":26,"column":34},"end":{"line":26,"column":35}},"loc":{"start":{"line":26,"column":41},"end":{"line":31,"column":5}},"line":26}},"branchMap":{"0":{"loc":{"start":{"line":8,"column":2},"end":{"line":13,"column":3}},"type":"if","locations":[{"start":{"line":8,"column":2},"end":{"line":13,"column":3}},{"start":{"line":8,"column":2},"end":{"line":13,"column":3}}],"line":8}},"s":{"0":1,"1":2,"2":1,"3":1,"4":1,"5":1,"6":1,"7":2,"8":2},"f":{"0":2,"1":2,"2":2},"b":{"0":[1,1]},"_coverageSchema":"43e27e138ebf9cfc5966b082cf9a028302ed4184","hash":"08608288a853fc474c423743923dce5456ab5606"}
,"/Users/marco/DeveloperProjects/ToDoAppRedux/ToDoApp/containers/newtask/Layout.tsx": {"path":"/Users/marco/DeveloperProjects/ToDoAppRedux/ToDoApp/containers/newtask/Layout.tsx","statementMap":{"0":{"start":{"line":8,"column":54},"end":{"line":53,"column":1}},"1":{"start":{"line":18,"column":2},"end":{"line":52,"column":4}},"2":{"start":{"line":22,"column":23},"end":{"line":22,"column":37}},"3":{"start":{"line":23,"column":22},"end":{"line":23,"column":35}},"4":{"start":{"line":33,"column":30},"end":{"line":33,"column":49}},"5":{"start":{"line":36,"column":23},"end":{"line":36,"column":43}},"6":{"start":{"line":37,"column":22},"end":{"line":37,"column":41}},"7":{"start":{"line":49,"column":30},"end":{"line":49,"column":55}}},"fnMap":{"0":{"name":"(anonymous_0)","decl":{"start":{"line":8,"column":54},"end":{"line":8,"column":55}},"loc":{"start":{"line":17,"column":19},"end":{"line":53,"column":1}},"line":17},"1":{"name":"(anonymous_1)","decl":{"start":{"line":22,"column":17},"end":{"line":22,"column":18}},"loc":{"start":{"line":22,"column":23},"end":{"line":22,"column":37}},"line":22},"2":{"name":"(anonymous_2)","decl":{"start":{"line":23,"column":16},"end":{"line":23,"column":17}},"loc":{"start":{"line":23,"column":22},"end":{"line":23,"column":35}},"line":23},"3":{"name":"(anonymous_3)","decl":{"start":{"line":33,"column":22},"end":{"line":33,"column":23}},"loc":{"start":{"line":33,"column":30},"end":{"line":33,"column":49}},"line":33},"4":{"name":"(anonymous_4)","decl":{"start":{"line":36,"column":17},"end":{"line":36,"column":18}},"loc":{"start":{"line":36,"column":23},"end":{"line":36,"column":43}},"line":36},"5":{"name":"(anonymous_5)","decl":{"start":{"line":37,"column":16},"end":{"line":37,"column":17}},"loc":{"start":{"line":37,"column":22},"end":{"line":37,"column":41}},"line":37},"6":{"name":"(anonymous_6)","decl":{"start":{"line":49,"column":22},"end":{"line":49,"column":23}},"loc":{"start":{"line":49,"column":30},"end":{"line":49,"column":55}},"line":49}},"branchMap":{},"s":{"0":2,"1":1,"2":0,"3":0,"4":0,"5":0,"6":0,"7":0},"f":{"0":1,"1":0,"2":0,"3":0,"4":0,"5":0,"6":0},"b":{},"_coverageSchema":"43e27e138ebf9cfc5966b082cf9a028302ed4184","hash":"b0b55bd8de33ca622ced9efa2e874d485f78ec1b"}
,"/Users/marco/DeveloperProjects/ToDoAppRedux/ToDoApp/containers/newtask/mapDispatchToProps.ts": {"path":"/Users/marco/DeveloperProjects/ToDoAppRedux/ToDoApp/containers/newtask/mapDispatchToProps.ts","statementMap":{"0":{"start":{"line":6,"column":34},"end":{"line":12,"column":2}},"1":{"start":{"line":8,"column":6},"end":{"line":12,"column":1}},"2":{"start":{"line":10,"column":4},"end":{"line":10,"column":49}}},"fnMap":{"0":{"name":"(anonymous_0)","decl":{"start":{"line":6,"column":34},"end":{"line":6,"column":35}},"loc":{"start":{"line":8,"column":6},"end":{"line":12,"column":1}},"line":8},"1":{"name":"(anonymous_1)","decl":{"start":{"line":9,"column":11},"end":{"line":9,"column":12}},"loc":{"start":{"line":9,"column":51},"end":{"line":11,"column":3}},"line":9}},"branchMap":{},"s":{"0":1,"1":1,"2":0},"f":{"0":1,"1":0},"b":{},"_coverageSchema":"43e27e138ebf9cfc5966b082cf9a028302ed4184","hash":"647a474753335872e9e8901310c0c6aff04e1ba5"}
,"/Users/marco/DeveloperProjects/ToDoAppRedux/ToDoApp/containers/newtask/styles.ts": {"path":"/Users/marco/DeveloperProjects/ToDoAppRedux/ToDoApp/containers/newtask/styles.ts","statementMap":{"0":{"start":{"line":4,"column":22},"end":{"line":19,"column":2}}},"fnMap":{},"branchMap":{},"s":{"0":2},"f":{},"b":{},"_coverageSchema":"43e27e138ebf9cfc5966b082cf9a028302ed4184","hash":"f15432c1535404747675e5ccf19d47f4119d1432"}
,"/Users/marco/DeveloperProjects/ToDoAppRedux/ToDoApp/containers/newtask/withDispatchAddToDo.ts": {"path":"/Users/marco/DeveloperProjects/ToDoAppRedux/ToDoApp/containers/newtask/withDispatchAddToDo.ts","statementMap":{"0":{"start":{"line":4,"column":16},"end":{"line":6,"column":1}},"1":{"start":{"line":5,"column":2},"end":{"line":5,"column":48}},"2":{"start":{"line":8,"column":35},"end":{"line":10,"column":2}},"3":{"start":{"line":9,"column":35},"end":{"line":9,"column":55}},"4":{"start":{"line":9,"column":41},"end":{"line":9,"column":55}}},"fnMap":{"0":{"name":"(anonymous_0)","decl":{"start":{"line":4,"column":16},"end":{"line":4,"column":17}},"loc":{"start":{"line":4,"column":40},"end":{"line":6,"column":1}},"line":4},"1":{"name":"(anonymous_1)","decl":{"start":{"line":9,"column":11},"end":{"line":9,"column":12}},"loc":{"start":{"line":9,"column":35},"end":{"line":9,"column":55}},"line":9},"2":{"name":"(anonymous_2)","decl":{"start":{"line":9,"column":35},"end":{"line":9,"column":36}},"loc":{"start":{"line":9,"column":41},"end":{"line":9,"column":55}},"line":9}},"branchMap":{},"s":{"0":1,"1":1,"2":1,"3":1,"4":1},"f":{"0":1,"1":1,"2":1},"b":{},"_coverageSchema":"43e27e138ebf9cfc5966b082cf9a028302ed4184","hash":"f98ce956c05c3b25b62ec7b9f5b860798f48a132"}
,"/Users/marco/DeveloperProjects/ToDoAppRedux/ToDoApp/containers/newtask/withLifecycleMethods.ts": {"path":"/Users/marco/DeveloperProjects/ToDoAppRedux/ToDoApp/containers/newtask/withLifecycleMethods.ts","statementMap":{"0":{"start":{"line":4,"column":36},"end":{"line":11,"column":2}},"1":{"start":{"line":6,"column":27},"end":{"line":6,"column":37}},"2":{"start":{"line":7,"column":4},"end":{"line":9,"column":7}}},"fnMap":{"0":{"name":"(anonymous_0)","decl":{"start":{"line":5,"column":2},"end":{"line":5,"column":3}},"loc":{"start":{"line":5,"column":22},"end":{"line":10,"column":3}},"line":5}},"branchMap":{},"s":{"0":1,"1":1,"2":1},"f":{"0":1},"b":{},"_coverageSchema":"43e27e138ebf9cfc5966b082cf9a028302ed4184","hash":"bd4cb7da3f16103219ebbbfedeb469f09273399a"}
,"/Users/marco/DeveloperProjects/ToDoAppRedux/ToDoApp/containers/newtask/withNavigationHeader.tsx": {"path":"/Users/marco/DeveloperProjects/ToDoAppRedux/ToDoApp/containers/newtask/withNavigationHeader.tsx","statementMap":{"0":{"start":{"line":7,"column":36},"end":{"line":41,"column":1}},"1":{"start":{"line":8,"column":2},"end":{"line":40,"column":4}},"2":{"start":{"line":11,"column":50},"end":{"line":36,"column":5}},"3":{"start":{"line":17,"column":14},"end":{"line":17,"column":47}},"4":{"start":{"line":18,"column":14},"end":{"line":18,"column":31}},"5":{"start":{"line":29,"column":27},"end":{"line":29,"column":46}},"6":{"start":{"line":38,"column":6},"end":{"line":38,"column":34}}},"fnMap":{"0":{"name":"(anonymous_0)","decl":{"start":{"line":7,"column":36},"end":{"line":7,"column":37}},"loc":{"start":{"line":7,"column":77},"end":{"line":41,"column":1}},"line":7},"1":{"name":"(anonymous_1)","decl":{"start":{"line":9,"column":38},"end":{"line":9,"column":39}},"loc":{"start":{"line":11,"column":50},"end":{"line":36,"column":5}},"line":11},"2":{"name":"(anonymous_2)","decl":{"start":{"line":16,"column":21},"end":{"line":16,"column":22}},"loc":{"start":{"line":16,"column":27},"end":{"line":19,"column":13}},"line":16},"3":{"name":"(anonymous_3)","decl":{"start":{"line":29,"column":21},"end":{"line":29,"column":22}},"loc":{"start":{"line":29,"column":27},"end":{"line":29,"column":46}},"line":29},"4":{"name":"(anonymous_4)","decl":{"start":{"line":37,"column":4},"end":{"line":37,"column":5}},"loc":{"start":{"line":37,"column":20},"end":{"line":39,"column":5}},"line":37}},"branchMap":{},"s":{"0":1,"1":1,"2":0,"3":0,"4":0,"5":0,"6":0},"f":{"0":1,"1":0,"2":0,"3":0,"4":0},"b":{},"_coverageSchema":"43e27e138ebf9cfc5966b082cf9a028302ed4184","hash":"0e74de327c72fc44ede3b5d8a2e6b5aa7785a12c"}
,"/Users/marco/DeveloperProjects/ToDoAppRedux/ToDoApp/containers/newtask/withStateHandlers.ts": {"path":"/Users/marco/DeveloperProjects/ToDoAppRedux/ToDoApp/containers/newtask/withStateHandlers.ts","statementMap":{"0":{"start":{"line":4,"column":33},"end":{"line":11,"column":1}},"1":{"start":{"line":7,"column":28},"end":{"line":9,"column":6}},"2":{"start":{"line":7,"column":47},"end":{"line":9,"column":5}},"3":{"start":{"line":13,"column":39},"end":{"line":20,"column":1}},"4":{"start":{"line":16,"column":34},"end":{"line":18,"column":6}},"5":{"start":{"line":16,"column":53},"end":{"line":18,"column":5}},"6":{"start":{"line":22,"column":37},"end":{"line":34,"column":1}},"7":{"start":{"line":27,"column":27},"end":{"line":29,"column":6}},"8":{"start":{"line":27,"column":34},"end":{"line":29,"column":5}},"9":{"start":{"line":30,"column":26},"end":{"line":32,"column":6}},"10":{"start":{"line":30,"column":33},"end":{"line":32,"column":5}},"11":{"start":{"line":36,"column":43},"end":{"line":48,"column":1}},"12":{"start":{"line":41,"column":33},"end":{"line":43,"column":6}},"13":{"start":{"line":41,"column":40},"end":{"line":43,"column":5}},"14":{"start":{"line":44,"column":32},"end":{"line":46,"column":6}},"15":{"start":{"line":44,"column":39},"end":{"line":46,"column":5}},"16":{"start":{"line":50,"column":28},"end":{"line":55,"column":1}}},"fnMap":{"0":{"name":"(anonymous_0)","decl":{"start":{"line":7,"column":19},"end":{"line":7,"column":20}},"loc":{"start":{"line":7,"column":28},"end":{"line":9,"column":6}},"line":7},"1":{"name":"(anonymous_1)","decl":{"start":{"line":7,"column":28},"end":{"line":7,"column":29}},"loc":{"start":{"line":7,"column":47},"end":{"line":9,"column":5}},"line":7},"2":{"name":"(anonymous_2)","decl":{"start":{"line":16,"column":25},"end":{"line":16,"column":26}},"loc":{"start":{"line":16,"column":34},"end":{"line":18,"column":6}},"line":16},"3":{"name":"(anonymous_3)","decl":{"start":{"line":16,"column":34},"end":{"line":16,"column":35}},"loc":{"start":{"line":16,"column":53},"end":{"line":18,"column":5}},"line":16},"4":{"name":"(anonymous_4)","decl":{"start":{"line":27,"column":18},"end":{"line":27,"column":19}},"loc":{"start":{"line":27,"column":27},"end":{"line":29,"column":6}},"line":27},"5":{"name":"(anonymous_5)","decl":{"start":{"line":27,"column":27},"end":{"line":27,"column":28}},"loc":{"start":{"line":27,"column":34},"end":{"line":29,"column":5}},"line":27},"6":{"name":"(anonymous_6)","decl":{"start":{"line":30,"column":17},"end":{"line":30,"column":18}},"loc":{"start":{"line":30,"column":26},"end":{"line":32,"column":6}},"line":30},"7":{"name":"(anonymous_7)","decl":{"start":{"line":30,"column":26},"end":{"line":30,"column":27}},"loc":{"start":{"line":30,"column":33},"end":{"line":32,"column":5}},"line":30},"8":{"name":"(anonymous_8)","decl":{"start":{"line":41,"column":24},"end":{"line":41,"column":25}},"loc":{"start":{"line":41,"column":33},"end":{"line":43,"column":6}},"line":41},"9":{"name":"(anonymous_9)","decl":{"start":{"line":41,"column":33},"end":{"line":41,"column":34}},"loc":{"start":{"line":41,"column":40},"end":{"line":43,"column":5}},"line":41},"10":{"name":"(anonymous_10)","decl":{"start":{"line":44,"column":23},"end":{"line":44,"column":24}},"loc":{"start":{"line":44,"column":32},"end":{"line":46,"column":6}},"line":44},"11":{"name":"(anonymous_11)","decl":{"start":{"line":44,"column":32},"end":{"line":44,"column":33}},"loc":{"start":{"line":44,"column":39},"end":{"line":46,"column":5}},"line":44}},"branchMap":{},"s":{"0":1,"1":1,"2":1,"3":1,"4":1,"5":1,"6":1,"7":1,"8":1,"9":1,"10":1,"11":1,"12":1,"13":1,"14":1,"15":1,"16":1},"f":{"0":1,"1":1,"2":1,"3":1,"4":1,"5":1,"6":1,"7":1,"8":1,"9":1,"10":1,"11":1},"b":{},"_coverageSchema":"43e27e138ebf9cfc5966b082cf9a028302ed4184","hash":"dc1981cb008001c4a04902bbe0363fcf92a22a13"}
,"/Users/marco/DeveloperProjects/ToDoAppRedux/ToDoApp/hocs/hocs.ts": {"path":"/Users/marco/DeveloperProjects/ToDoAppRedux/ToDoApp/hocs/hocs.ts","statementMap":{"0":{"start":{"line":9,"column":2},"end":{"line":12,"column":4}},"1":{"start":{"line":10,"column":4},"end":{"line":10,"column":23}},"2":{"start":{"line":11,"column":4},"end":{"line":11,"column":15}}},"fnMap":{"0":{"name":"createHocTestComponent","decl":{"start":{"line":5,"column":16},"end":{"line":5,"column":38}},"loc":{"start":{"line":8,"column":31},"end":{"line":13,"column":1}},"line":8},"1":{"name":"(anonymous_1)","decl":{"start":{"line":9,"column":13},"end":{"line":9,"column":14}},"loc":{"start":{"line":9,"column":22},"end":{"line":12,"column":3}},"line":9}},"branchMap":{"0":{"loc":{"start":{"line":7,"column":2},"end":{"line":7,"column":45}},"type":"default-arg","locations":[{"start":{"line":7,"column":41},"end":{"line":7,"column":45}}],"line":7}},"s":{"0":8,"1":1,"2":1},"f":{"0":8,"1":1},"b":{"0":[7]},"_coverageSchema":"43e27e138ebf9cfc5966b082cf9a028302ed4184","hash":"8e04b072a6b00704486e76bbc7c6358bce38a172"}
,"/Users/marco/DeveloperProjects/ToDoAppRedux/ToDoApp/networking/httpService.ts": {"path":"/Users/marco/DeveloperProjects/ToDoAppRedux/ToDoApp/networking/httpService.ts","statementMap":{"0":{"start":{"line":4,"column":17},"end":{"line":4,"column":61}},"1":{"start":{"line":11,"column":34},"end":{"line":11,"column":63}},"2":{"start":{"line":12,"column":4},"end":{"line":15,"column":6}},"3":{"start":{"line":19,"column":34},"end":{"line":19,"column":63}},"4":{"start":{"line":20,"column":4},"end":{"line":20,"column":45}},"5":{"start":{"line":24,"column":34},"end":{"line":24,"column":63}},"6":{"start":{"line":25,"column":4},"end":{"line":25,"column":44}},"7":{"start":{"line":29,"column":34},"end":{"line":29,"column":63}},"8":{"start":{"line":30,"column":4},"end":{"line":30,"column":46}},"9":{"start":{"line":34,"column":34},"end":{"line":34,"column":63}},"10":{"start":{"line":35,"column":4},"end":{"line":35,"column":41}},"11":{"start":{"line":39,"column":29},"end":{"line":39,"column":31}},"12":{"start":{"line":41,"column":4},"end":{"line":46,"column":5}},"13":{"start":{"line":43,"column":24},"end":{"line":43,"column":47}},"14":{"start":{"line":44,"column":8},"end":{"line":44,"column":48}},"15":{"start":{"line":47,"column":4},"end":{"line":47,"column":77}}},"fnMap":{"0":{"name":"(anonymous_0)","decl":{"start":{"line":10,"column":2},"end":{"line":10,"column":3}},"loc":{"start":{"line":10,"column":74},"end":{"line":16,"column":3}},"line":10},"1":{"name":"(anonymous_1)","decl":{"start":{"line":18,"column":2},"end":{"line":18,"column":3}},"loc":{"start":{"line":18,"column":74},"end":{"line":21,"column":3}},"line":18},"2":{"name":"(anonymous_2)","decl":{"start":{"line":23,"column":2},"end":{"line":23,"column":3}},"loc":{"start":{"line":23,"column":73},"end":{"line":26,"column":3}},"line":23},"3":{"name":"(anonymous_3)","decl":{"start":{"line":28,"column":2},"end":{"line":28,"column":3}},"loc":{"start":{"line":28,"column":75},"end":{"line":31,"column":3}},"line":28},"4":{"name":"(anonymous_4)","decl":{"start":{"line":33,"column":2},"end":{"line":33,"column":3}},"loc":{"start":{"line":33,"column":64},"end":{"line":36,"column":3}},"line":33},"5":{"name":"(anonymous_5)","decl":{"start":{"line":38,"column":2},"end":{"line":38,"column":3}},"loc":{"start":{"line":38,"column":48},"end":{"line":48,"column":3}},"line":38},"6":{"name":"(anonymous_6)","decl":{"start":{"line":42,"column":30},"end":{"line":42,"column":31}},"loc":{"start":{"line":42,"column":54},"end":{"line":45,"column":7}},"line":42}},"branchMap":{"0":{"loc":{"start":{"line":10,"column":32},"end":{"line":10,"column":43}},"type":"default-arg","locations":[{"start":{"line":10,"column":41},"end":{"line":10,"column":43}}],"line":10}},"s":{"0":6,"1":1,"2":1,"3":1,"4":1,"5":1,"6":1,"7":1,"8":1,"9":1,"10":1,"11":6,"12":6,"13":0,"14":0,"15":6},"f":{"0":1,"1":1,"2":1,"3":1,"4":1,"5":6,"6":0},"b":{"0":[0]},"_coverageSchema":"43e27e138ebf9cfc5966b082cf9a028302ed4184","hash":"97ce55ff30ca51a6410f63dc037e751015582b02"}
,"/Users/marco/DeveloperProjects/ToDoAppRedux/ToDoApp/networking/controllers/homeController.ts": {"path":"/Users/marco/DeveloperProjects/ToDoAppRedux/ToDoApp/networking/controllers/homeController.ts","statementMap":{"0":{"start":{"line":4,"column":23},"end":{"line":6,"column":1}},"1":{"start":{"line":5,"column":2},"end":{"line":5,"column":74}},"2":{"start":{"line":8,"column":23},"end":{"line":10,"column":1}},"3":{"start":{"line":9,"column":2},"end":{"line":9,"column":73}},"4":{"start":{"line":12,"column":26},"end":{"line":14,"column":1}},"5":{"start":{"line":13,"column":2},"end":{"line":13,"column":76}},"6":{"start":{"line":16,"column":26},"end":{"line":18,"column":1}},"7":{"start":{"line":17,"column":2},"end":{"line":17,"column":71}}},"fnMap":{"0":{"name":"(anonymous_0)","decl":{"start":{"line":4,"column":23},"end":{"line":4,"column":24}},"loc":{"start":{"line":4,"column":29},"end":{"line":6,"column":1}},"line":4},"1":{"name":"(anonymous_1)","decl":{"start":{"line":8,"column":23},"end":{"line":8,"column":24}},"loc":{"start":{"line":8,"column":42},"end":{"line":10,"column":1}},"line":8},"2":{"name":"(anonymous_2)","decl":{"start":{"line":12,"column":26},"end":{"line":12,"column":27}},"loc":{"start":{"line":12,"column":65},"end":{"line":14,"column":1}},"line":12},"3":{"name":"(anonymous_3)","decl":{"start":{"line":16,"column":26},"end":{"line":16,"column":27}},"loc":{"start":{"line":16,"column":42},"end":{"line":18,"column":1}},"line":16}},"branchMap":{},"s":{"0":5,"1":1,"2":5,"3":1,"4":5,"5":1,"6":5,"7":1},"f":{"0":1,"1":1,"2":1,"3":1},"b":{},"_coverageSchema":"43e27e138ebf9cfc5966b082cf9a028302ed4184","hash":"37f0735861022fc988a071b5443939b07af8f809"}
,"/Users/marco/DeveloperProjects/ToDoAppRedux/ToDoApp/reducers/todoApp.ts": {"path":"/Users/marco/DeveloperProjects/ToDoAppRedux/ToDoApp/reducers/todoApp.ts","statementMap":{"0":{"start":{"line":15,"column":28},"end":{"line":17,"column":1}},"1":{"start":{"line":19,"column":52},"end":{"line":55,"column":1}},"2":{"start":{"line":23,"column":2},"end":{"line":54,"column":3}},"3":{"start":{"line":25,"column":6},"end":{"line":25,"column":47}},"4":{"start":{"line":27,"column":6},"end":{"line":27,"column":38}},"5":{"start":{"line":29,"column":6},"end":{"line":29,"column":40}},"6":{"start":{"line":31,"column":6},"end":{"line":31,"column":36}},"7":{"start":{"line":33,"column":6},"end":{"line":33,"column":47}},"8":{"start":{"line":35,"column":6},"end":{"line":35,"column":41}},"9":{"start":{"line":37,"column":6},"end":{"line":37,"column":35}},"10":{"start":{"line":39,"column":6},"end":{"line":39,"column":35}},"11":{"start":{"line":41,"column":6},"end":{"line":41,"column":41}},"12":{"start":{"line":43,"column":6},"end":{"line":43,"column":43}},"13":{"start":{"line":45,"column":6},"end":{"line":45,"column":38}},"14":{"start":{"line":47,"column":6},"end":{"line":47,"column":39}},"15":{"start":{"line":49,"column":6},"end":{"line":49,"column":38}},"16":{"start":{"line":51,"column":6},"end":{"line":51,"column":33}},"17":{"start":{"line":53,"column":6},"end":{"line":53,"column":18}}},"fnMap":{"0":{"name":"(anonymous_0)","decl":{"start":{"line":19,"column":52},"end":{"line":19,"column":53}},"loc":{"start":{"line":22,"column":12},"end":{"line":55,"column":1}},"line":22}},"branchMap":{"0":{"loc":{"start":{"line":20,"column":2},"end":{"line":20,"column":22}},"type":"default-arg","locations":[{"start":{"line":20,"column":10},"end":{"line":20,"column":22}}],"line":20},"1":{"loc":{"start":{"line":23,"column":2},"end":{"line":54,"column":3}},"type":"switch","locations":[{"start":{"line":24,"column":4},"end":{"line":25,"column":47}},{"start":{"line":26,"column":4},"end":{"line":27,"column":38}},{"start":{"line":28,"column":4},"end":{"line":29,"column":40}},{"start":{"line":30,"column":4},"end":{"line":31,"column":36}},{"start":{"line":32,"column":4},"end":{"line":33,"column":47}},{"start":{"line":34,"column":4},"end":{"line":35,"column":41}},{"start":{"line":36,"column":4},"end":{"line":37,"column":35}},{"start":{"line":38,"column":4},"end":{"line":39,"column":35}},{"start":{"line":40,"column":4},"end":{"line":41,"column":41}},{"start":{"line":42,"column":4},"end":{"line":43,"column":43}},{"start":{"line":44,"column":4},"end":{"line":45,"column":38}},{"start":{"line":46,"column":4},"end":{"line":47,"column":39}},{"start":{"line":48,"column":4},"end":{"line":49,"column":38}},{"start":{"line":50,"column":4},"end":{"line":51,"column":33}},{"start":{"line":52,"column":4},"end":{"line":53,"column":18}}],"line":23}},"s":{"0":1,"1":1,"2":15,"3":1,"4":1,"5":2,"6":1,"7":2,"8":1,"9":2,"10":1,"11":2,"12":1,"13":2,"14":1,"15":2,"16":1,"17":2},"f":{"0":15},"b":{"0":[0],"1":[1,1,2,1,2,1,2,1,2,1,2,1,2,1,2]},"_coverageSchema":"43e27e138ebf9cfc5966b082cf9a028302ed4184","hash":"50745d6416aa79abaf23340476560567717cff10"}
,"/Users/marco/DeveloperProjects/ToDoAppRedux/ToDoApp/resources/images/iconCheckboxActive.png": {"path":"/Users/marco/DeveloperProjects/ToDoAppRedux/ToDoApp/resources/images/iconCheckboxActive.png","statementMap":{"0":{"start":{"line":1,"column":0},"end":{"line":4,"column":6}}},"fnMap":{},"branchMap":{},"s":{"0":5},"f":{},"b":{},"_coverageSchema":"43e27e138ebf9cfc5966b082cf9a028302ed4184","hash":"b64969b3d29e127878175c37936dcd00ba7a189a"}
,"/Users/marco/DeveloperProjects/ToDoAppRedux/ToDoApp/resources/images/iconCheckboxInactive.png": {"path":"/Users/marco/DeveloperProjects/ToDoAppRedux/ToDoApp/resources/images/iconCheckboxInactive.png","statementMap":{"0":{"start":{"line":1,"column":0},"end":{"line":4,"column":6}}},"fnMap":{},"branchMap":{},"s":{"0":5},"f":{},"b":{},"_coverageSchema":"43e27e138ebf9cfc5966b082cf9a028302ed4184","hash":"57132cfd5f92c1b5418a06978efec8de0e7b750c"}
,"/Users/marco/DeveloperProjects/ToDoAppRedux/ToDoApp/strings/index.ts": {"path":"/Users/marco/DeveloperProjects/ToDoAppRedux/ToDoApp/strings/index.ts","statementMap":{"0":{"start":{"line":1,"column":13},"end":{"line":1,"column":19}},"1":{"start":{"line":2,"column":15},"end":{"line":2,"column":23}},"2":{"start":{"line":3,"column":25},"end":{"line":3,"column":37}},"3":{"start":{"line":4,"column":31},"end":{"line":4,"column":49}},"4":{"start":{"line":5,"column":21},"end":{"line":5,"column":31}},"5":{"start":{"line":6,"column":21},"end":{"line":6,"column":37}},"6":{"start":{"line":7,"column":16},"end":{"line":7,"column":26}},"7":{"start":{"line":8,"column":19},"end":{"line":8,"column":33}},"8":{"start":{"line":10,"column":23},"end":{"line":19,"column":1}}},"fnMap":{},"branchMap":{},"s":{"0":7,"1":7,"2":7,"3":7,"4":7,"5":7,"6":7,"7":7,"8":7},"f":{},"b":{},"_coverageSchema":"43e27e138ebf9cfc5966b082cf9a028302ed4184","hash":"5b479b46ef6f7944216c5b6382a662d89afcd9de"}
,"/Users/marco/DeveloperProjects/ToDoAppRedux/ToDoApp/utils/createDummyResponses.ts": {"path":"/Users/marco/DeveloperProjects/ToDoAppRedux/ToDoApp/utils/createDummyResponses.ts","statementMap":{"0":{"start":{"line":3,"column":47},"end":{"line":16,"column":1}},"1":{"start":{"line":18,"column":39},"end":{"line":33,"column":1}}},"fnMap":{},"branchMap":{},"s":{"0":1,"1":1},"f":{},"b":{},"_coverageSchema":"43e27e138ebf9cfc5966b082cf9a028302ed4184","hash":"30a21ecbb74bc6182e40fa14586c41089cf828f7"}
,"/Users/marco/DeveloperProjects/ToDoAppRedux/ToDoApp/utils/deserializer.ts": {"path":"/Users/marco/DeveloperProjects/ToDoAppRedux/ToDoApp/utils/deserializer.ts","statementMap":{"0":{"start":{"line":3,"column":28},"end":{"line":14,"column":1}},"1":{"start":{"line":4,"column":30},"end":{"line":4,"column":77}},"2":{"start":{"line":5,"column":13},"end":{"line":5,"column":35}},"3":{"start":{"line":6,"column":2},"end":{"line":13,"column":4}}},"fnMap":{"0":{"name":"(anonymous_0)","decl":{"start":{"line":3,"column":28},"end":{"line":3,"column":29}},"loc":{"start":{"line":3,"column":61},"end":{"line":14,"column":1}},"line":3}},"branchMap":{"0":{"loc":{"start":{"line":4,"column":30},"end":{"line":4,"column":77}},"type":"cond-expr","locations":[{"start":{"line":4,"column":51},"end":{"line":4,"column":72}},{"start":{"line":4,"column":75},"end":{"line":4,"column":77}}],"line":4},"1":{"loc":{"start":{"line":9,"column":6},"end":{"line":9,"column":75}},"type":"cond-expr","locations":[{"start":{"line":9,"column":40},"end":{"line":9,"column":62}},{"start":{"line":9,"column":65},"end":{"line":9,"column":75}}],"line":9},"2":{"loc":{"start":{"line":10,"column":17},"end":{"line":10,"column":78}},"type":"cond-expr","locations":[{"start":{"line":10,"column":51},"end":{"line":10,"column":73}},{"start":{"line":10,"column":76},"end":{"line":10,"column":78}}],"line":10}},"s":{"0":5,"1":3,"2":3,"3":3},"f":{"0":3},"b":{"0":[3,0],"1":[3,0],"2":[3,0]},"_coverageSchema":"43e27e138ebf9cfc5966b082cf9a028302ed4184","hash":"ef9d82ca374626a12191e8277ee94007a3abf479"}
,"/Users/marco/DeveloperProjects/ToDoAppRedux/ToDoApp/utils/serializer.ts": {"path":"/Users/marco/DeveloperProjects/ToDoAppRedux/ToDoApp/utils/serializer.ts","statementMap":{"0":{"start":{"line":3,"column":26},"end":{"line":10,"column":1}},"1":{"start":{"line":4,"column":2},"end":{"line":9,"column":4}}},"fnMap":{"0":{"name":"(anonymous_0)","decl":{"start":{"line":3,"column":26},"end":{"line":3,"column":27}},"loc":{"start":{"line":3,"column":42},"end":{"line":10,"column":1}},"line":3}},"branchMap":{},"s":{"0":5,"1":12},"f":{"0":12},"b":{},"_coverageSchema":"43e27e138ebf9cfc5966b082cf9a028302ed4184","hash":"7aef5254a1a24830add81b3f1a4dbdf9f30983b8"}
}
