TN:
SF:/Users/marco/DeveloperProjects/ToDoAppRedux/ToDoApp/actions/ActionHandlers.ts
FN:12,(anonymous_0)
FN:26,(anonymous_1)
FN:35,(anonymous_2)
FN:44,(anonymous_3)
FN:53,(anonymous_4)
FN:59,(anonymous_5)
FN:68,(anonymous_6)
FNF:7
FNH:6
FNDA:1,(anonymous_0)
FNDA:1,(anonymous_1)
FNDA:1,(anonymous_2)
FNDA:2,(anonymous_3)
FNDA:0,(anonymous_4)
FNDA:1,(anonymous_5)
FNDA:1,(anonymous_6)
DA:12,2
DA:13,1
DA:26,2
DA:30,1
DA:35,2
DA:39,1
DA:44,2
DA:48,2
DA:53,2
DA:54,0
DA:59,2
DA:63,1
DA:68,2
DA:69,1
LF:14
LH:13
BRF:0
BRH:0
end_of_record
TN:
SF:/Users/marco/DeveloperProjects/ToDoAppRedux/ToDoApp/actions/actionTypes.ts
FNF:0
FNH:0
LF:0
LH:0
BRF:0
BRH:0
end_of_record
TN:
SF:/Users/marco/DeveloperProjects/ToDoAppRedux/ToDoApp/actions/actions.ts
FN:29,(anonymous_0)
FN:30,(anonymous_1)
FN:33,(anonymous_2)
FN:50,(anonymous_3)
FN:59,(anonymous_4)
FN:63,(anonymous_5)
FN:64,(anonymous_6)
FN:66,(anonymous_7)
FN:85,(anonymous_8)
FN:92,(anonymous_9)
FN:96,(anonymous_10)
FN:97,(anonymous_11)
FN:113,(anonymous_12)
FN:124,(anonymous_13)
FN:128,(anonymous_14)
FN:129,(anonymous_15)
FN:131,(anonymous_16)
FN:148,(anonymous_17)
FN:159,(anonymous_18)
FN:163,(anonymous_19)
FN:164,(anonymous_20)
FN:166,(anonymous_21)
FN:183,(anonymous_22)
FN:192,(anonymous_23)
FN:196,(anonymous_24)
FN:197,(anonymous_25)
FN:201,(anonymous_26)
FN:215,(anonymous_27)
FN:224,(anonymous_28)
FN:229,(anonymous_29)
FN:230,(anonymous_30)
FN:244,(anonymous_31)
FN:253,(anonymous_32)
FNF:33
FNH:4
FNDA:0,(anonymous_0)
FNDA:0,(anonymous_1)
FNDA:0,(anonymous_2)
FNDA:0,(anonymous_3)
FNDA:0,(anonymous_4)
FNDA:0,(anonymous_5)
FNDA:0,(anonymous_6)
FNDA:0,(anonymous_7)
FNDA:0,(anonymous_8)
FNDA:0,(anonymous_9)
FNDA:0,(anonymous_10)
FNDA:0,(anonymous_11)
FNDA:0,(anonymous_12)
FNDA:0,(anonymous_13)
FNDA:1,(anonymous_14)
FNDA:1,(anonymous_15)
FNDA:2,(anonymous_16)
FNDA:2,(anonymous_17)
FNDA:0,(anonymous_18)
FNDA:0,(anonymous_19)
FNDA:0,(anonymous_20)
FNDA:0,(anonymous_21)
FNDA:0,(anonymous_22)
FNDA:0,(anonymous_23)
FNDA:0,(anonymous_24)
FNDA:0,(anonymous_25)
FNDA:0,(anonymous_26)
FNDA:0,(anonymous_27)
FNDA:0,(anonymous_28)
FNDA:0,(anonymous_29)
FNDA:0,(anonymous_30)
FNDA:0,(anonymous_31)
FNDA:0,(anonymous_32)
DA:29,4
DA:30,0
DA:31,0
DA:32,0
DA:34,0
DA:37,0
DA:38,0
DA:40,0
DA:43,0
DA:45,0
DA:50,4
DA:52,0
DA:59,4
DA:63,4
DA:64,0
DA:65,0
DA:66,0
DA:67,0
DA:68,0
DA:70,0
DA:72,0
DA:73,0
DA:74,0
DA:76,0
DA:78,0
DA:85,4
DA:92,4
DA:96,4
DA:97,0
DA:98,0
DA:99,0
DA:105,0
DA:106,0
DA:108,0
DA:113,4
DA:116,0
DA:124,4
DA:128,4
DA:129,1
DA:130,1
DA:131,1
DA:132,2
DA:133,1
DA:135,2
DA:137,1
DA:138,1
DA:139,1
DA:141,1
DA:143,0
DA:148,4
DA:150,2
DA:159,4
DA:163,4
DA:164,0
DA:165,0
DA:166,0
DA:167,0
DA:168,0
DA:170,0
DA:172,0
DA:173,0
DA:174,0
DA:176,0
DA:178,0
DA:183,4
DA:185,0
DA:192,4
DA:196,4
DA:197,0
DA:198,0
DA:199,0
DA:200,0
DA:202,0
DA:203,0
DA:204,0
DA:208,0
DA:210,0
DA:215,4
DA:217,0
DA:224,4
DA:229,4
DA:230,0
DA:231,0
DA:232,0
DA:233,0
DA:234,0
DA:235,0
DA:236,0
DA:237,0
DA:239,0
DA:244,4
DA:246,0
DA:253,4
DA:257,4
LF:94
LH:33
BRDA:37,0,0,0
BRDA:37,0,1,0
BRDA:67,1,0,0
BRDA:67,1,1,0
BRDA:73,2,0,0
BRDA:73,2,1,0
BRDA:132,3,0,1
BRDA:132,3,1,1
BRDA:138,4,0,1
BRDA:138,4,1,0
BRDA:167,5,0,0
BRDA:167,5,1,0
BRDA:173,6,0,0
BRDA:173,6,1,0
BRF:14
BRH:3
end_of_record
TN:
SF:/Users/marco/DeveloperProjects/ToDoAppRedux/ToDoApp/colors/Colors.ts
FNF:0
FNH:0
DA:1,13
LF:1
LH:1
BRF:0
BRH:0
end_of_record
TN:
SF:/Users/marco/DeveloperProjects/ToDoAppRedux/ToDoApp/components/button/index.tsx
FN:11,(anonymous_0)
FNF:1
FNH:1
FNDA:1,(anonymous_0)
DA:11,6
DA:12,1
LF:2
LH:2
BRF:0
BRH:0
end_of_record
TN:
SF:/Users/marco/DeveloperProjects/ToDoAppRedux/ToDoApp/components/button/styles.ts
FNF:0
FNH:0
DA:4,6
LF:1
LH:1
BRF:0
BRH:0
end_of_record
TN:
SF:/Users/marco/DeveloperProjects/ToDoAppRedux/ToDoApp/components/checkbox/index.tsx
FN:12,(anonymous_0)
FNF:1
FNH:1
FNDA:2,(anonymous_0)
DA:12,5
DA:13,2
LF:2
LH:2
BRDA:15,0,0,1
BRDA:15,0,1,1
BRF:2
BRH:2
end_of_record
TN:
SF:/Users/marco/DeveloperProjects/ToDoAppRedux/ToDoApp/components/checkbox/styles.ts
FNF:0
FNH:0
DA:4,5
LF:1
LH:1
BRF:0
BRH:0
end_of_record
TN:
SF:/Users/marco/DeveloperProjects/ToDoAppRedux/ToDoApp/components/item/index.tsx
FN:15,(anonymous_0)
FNF:1
FNH:1
FNDA:1,(anonymous_0)
DA:15,4
DA:16,1
LF:2
LH:2
BRF:0
BRH:0
end_of_record
TN:
SF:/Users/marco/DeveloperProjects/ToDoAppRedux/ToDoApp/components/item/styles.ts
FNF:0
FNH:0
DA:4,4
LF:1
LH:1
BRF:0
BRH:0
end_of_record
TN:
SF:/Users/marco/DeveloperProjects/ToDoAppRedux/ToDoApp/containers/detail/Layout.tsx
FN:9,(anonymous_0)
FN:21,(anonymous_1)
FN:35,(anonymous_2)
FNF:3
FNH:1
FNDA:1,(anonymous_0)
FNDA:0,(anonymous_1)
FNDA:0,(anonymous_2)
DA:9,2
DA:15,1
DA:22,0
DA:23,0
DA:36,0
DA:37,0
LF:6
LH:2
BRF:0
BRH:0
end_of_record
TN:
SF:/Users/marco/DeveloperProjects/ToDoAppRedux/ToDoApp/containers/detail/mapDispatchToProps.ts
FN:6,(anonymous_0)
FN:9,(anonymous_1)
FN:12,(anonymous_2)
FNF:3
FNH:1
FNDA:1,(anonymous_0)
FNDA:0,(anonymous_1)
FNDA:0,(anonymous_2)
DA:6,1
DA:8,1
DA:10,0
DA:13,0
LF:4
LH:2
BRF:0
BRH:0
end_of_record
TN:
SF:/Users/marco/DeveloperProjects/ToDoAppRedux/ToDoApp/containers/detail/mapStateToProps.ts
FN:4,(anonymous_0)
FNF:1
FNH:1
FNDA:1,(anonymous_0)
DA:4,1
DA:7,1
LF:2
LH:2
BRF:0
BRH:0
end_of_record
TN:
SF:/Users/marco/DeveloperProjects/ToDoAppRedux/ToDoApp/containers/detail/styles.ts
FNF:0
FNH:0
DA:4,2
LF:1
LH:1
BRF:0
BRH:0
end_of_record
TN:
SF:/Users/marco/DeveloperProjects/ToDoAppRedux/ToDoApp/containers/detail/withNavigationHeader.tsx
FN:11,(anonymous_0)
FN:18,(anonymous_1)
FNF:2
FNH:1
FNDA:1,(anonymous_0)
FNDA:0,(anonymous_1)
DA:11,1
DA:12,1
DA:19,0
LF:3
LH:2
BRF:0
BRH:0
end_of_record
TN:
SF:/Users/marco/DeveloperProjects/ToDoAppRedux/ToDoApp/containers/home/Layout.tsx
FN:8,(anonymous_0)
FN:21,(anonymous_1)
FN:22,(anonymous_2)
FN:32,(anonymous_3)
FNF:4
FNH:1
FNDA:3,(anonymous_0)
FNDA:0,(anonymous_1)
FNDA:0,(anonymous_2)
FNDA:0,(anonymous_3)
DA:8,2
DA:16,3
DA:21,0
DA:23,0
DA:32,0
LF:5
LH:2
BRF:0
BRH:0
end_of_record
TN:
SF:/Users/marco/DeveloperProjects/ToDoAppRedux/ToDoApp/containers/home/mapDispatchToProps.ts
FN:6,(anonymous_0)
FN:9,(anonymous_1)
FN:12,(anonymous_2)
FN:15,(anonymous_3)
FN:18,(anonymous_4)
FNF:5
FNH:1
FNDA:1,(anonymous_0)
FNDA:0,(anonymous_1)
FNDA:0,(anonymous_2)
FNDA:0,(anonymous_3)
FNDA:0,(anonymous_4)
DA:6,1
DA:8,1
DA:10,0
DA:13,0
DA:16,0
DA:19,0
LF:6
LH:2
BRF:0
BRH:0
end_of_record
TN:
SF:/Users/marco/DeveloperProjects/ToDoAppRedux/ToDoApp/containers/home/mapStateToProps.ts
FN:4,(anonymous_0)
FNF:1
FNH:1
FNDA:1,(anonymous_0)
DA:4,1
DA:7,1
LF:2
LH:2
BRF:0
BRH:0
end_of_record
TN:
SF:/Users/marco/DeveloperProjects/ToDoAppRedux/ToDoApp/containers/home/renderFooter.tsx
FN:9,(anonymous_0)
FN:17,(anonymous_1)
FNF:2
FNH:1
FNDA:2,(anonymous_0)
FNDA:0,(anonymous_1)
DA:9,3
DA:13,2
DA:18,0
LF:3
LH:2
BRDA:13,0,0,1
BRDA:13,0,1,1
BRF:2
BRH:2
end_of_record
TN:
SF:/Users/marco/DeveloperProjects/ToDoAppRedux/ToDoApp/containers/home/renderItem.tsx
FN:18,(anonymous_0)
FN:33,(anonymous_1)
FN:42,(anonymous_2)
FN:48,(anonymous_3)
FNF:4
FNH:1
FNDA:1,(anonymous_0)
FNDA:0,(anonymous_1)
FNDA:0,(anonymous_2)
FNDA:0,(anonymous_3)
DA:18,3
DA:26,1
DA:34,0
DA:43,0
DA:49,0
LF:5
LH:2
BRF:0
BRH:0
end_of_record
TN:
SF:/Users/marco/DeveloperProjects/ToDoAppRedux/ToDoApp/containers/home/styles.ts
FNF:0
FNH:0
DA:4,4
LF:1
LH:1
BRF:0
BRH:0
end_of_record
TN:
SF:/Users/marco/DeveloperProjects/ToDoAppRedux/ToDoApp/containers/home/withLifecyclesMethods.ts
FN:5,(anonymous_0)
FNF:1
FNH:1
FNDA:1,(anonymous_0)
DA:4,1
DA:6,1
DA:7,1
DA:10,1
LF:4
LH:4
BRF:0
BRH:0
end_of_record
TN:
SF:/Users/marco/DeveloperProjects/ToDoAppRedux/ToDoApp/containers/home/withNavigationHeader.tsx
FN:12,(anonymous_0)
FN:14,(anonymous_1)
FN:21,(anonymous_2)
FN:31,(anonymous_3)
FN:37,(anonymous_4)
FNF:5
FNH:1
FNDA:1,(anonymous_0)
FNDA:0,(anonymous_1)
FNDA:0,(anonymous_2)
FNDA:0,(anonymous_3)
FNDA:0,(anonymous_4)
DA:12,1
DA:13,1
DA:16,0
DA:22,0
DA:31,0
DA:38,0
LF:6
LH:2
BRF:0
BRH:0
end_of_record
TN:
SF:/Users/marco/DeveloperProjects/ToDoAppRedux/ToDoApp/containers/home/withStateHandlers.ts
FN:4,(anonymous_0)
FN:26,(anonymous_1)
FN:26,(anonymous_2)
FNF:3
FNH:3
FNDA:2,(anonymous_0)
FNDA:2,(anonymous_1)
FNDA:2,(anonymous_2)
DA:4,1
DA:8,2
DA:9,1
DA:12,1
DA:14,1
DA:17,1
DA:20,1
DA:26,2
LF:8
LH:8
BRDA:8,0,0,1
BRDA:8,0,1,1
BRF:2
BRH:2
end_of_record
TN:
SF:/Users/marco/DeveloperProjects/ToDoAppRedux/ToDoApp/containers/newtask/Layout.tsx
FN:8,(anonymous_0)
FN:22,(anonymous_1)
FN:23,(anonymous_2)
FN:33,(anonymous_3)
FN:36,(anonymous_4)
FN:37,(anonymous_5)
FN:49,(anonymous_6)
FNF:7
FNH:1
FNDA:1,(anonymous_0)
FNDA:0,(anonymous_1)
FNDA:0,(anonymous_2)
FNDA:0,(anonymous_3)
FNDA:0,(anonymous_4)
FNDA:0,(anonymous_5)
FNDA:0,(anonymous_6)
DA:8,2
DA:18,1
DA:22,0
DA:23,0
DA:33,0
DA:36,0
DA:37,0
DA:49,0
LF:8
LH:2
BRF:0
BRH:0
end_of_record
TN:
SF:/Users/marco/DeveloperProjects/ToDoAppRedux/ToDoApp/containers/newtask/mapDispatchToProps.ts
FN:6,(anonymous_0)
FN:9,(anonymous_1)
FNF:2
FNH:1
FNDA:1,(anonymous_0)
FNDA:0,(anonymous_1)
DA:6,1
DA:8,1
DA:10,0
LF:3
LH:2
BRF:0
BRH:0
end_of_record
TN:
SF:/Users/marco/DeveloperProjects/ToDoAppRedux/ToDoApp/containers/newtask/styles.ts
FNF:0
FNH:0
DA:4,2
LF:1
LH:1
BRF:0
BRH:0
end_of_record
TN:
SF:/Users/marco/DeveloperProjects/ToDoAppRedux/ToDoApp/containers/newtask/withDispatchAddToDo.ts
FN:4,(anonymous_0)
FN:9,(anonymous_1)
FN:9,(anonymous_2)
FNF:3
FNH:3
FNDA:1,(anonymous_0)
FNDA:1,(anonymous_1)
FNDA:1,(anonymous_2)
DA:4,1
DA:5,1
DA:8,1
DA:9,1
LF:4
LH:4
BRF:0
BRH:0
end_of_record
TN:
SF:/Users/marco/DeveloperProjects/ToDoAppRedux/ToDoApp/containers/newtask/withLifecycleMethods.ts
FN:5,(anonymous_0)
FNF:1
FNH:1
FNDA:1,(anonymous_0)
DA:4,1
DA:6,1
DA:7,1
LF:3
LH:3
BRF:0
BRH:0
end_of_record
TN:
SF:/Users/marco/DeveloperProjects/ToDoAppRedux/ToDoApp/containers/newtask/withNavigationHeader.tsx
FN:7,(anonymous_0)
FN:9,(anonymous_1)
FN:16,(anonymous_2)
FN:29,(anonymous_3)
FN:37,(anonymous_4)
FNF:5
FNH:1
FNDA:1,(anonymous_0)
FNDA:0,(anonymous_1)
FNDA:0,(anonymous_2)
FNDA:0,(anonymous_3)
FNDA:0,(anonymous_4)
DA:7,1
DA:8,1
DA:11,0
DA:17,0
DA:18,0
DA:29,0
DA:38,0
LF:7
LH:2
BRF:0
BRH:0
end_of_record
TN:
SF:/Users/marco/DeveloperProjects/ToDoAppRedux/ToDoApp/containers/newtask/withStateHandlers.ts
FN:7,(anonymous_0)
FN:7,(anonymous_1)
FN:16,(anonymous_2)
FN:16,(anonymous_3)
FN:27,(anonymous_4)
FN:27,(anonymous_5)
FN:30,(anonymous_6)
FN:30,(anonymous_7)
FN:41,(anonymous_8)
FN:41,(anonymous_9)
FN:44,(anonymous_10)
FN:44,(anonymous_11)
FNF:12
FNH:12
FNDA:1,(anonymous_0)
FNDA:1,(anonymous_1)
FNDA:1,(anonymous_2)
FNDA:1,(anonymous_3)
FNDA:1,(anonymous_4)
FNDA:1,(anonymous_5)
FNDA:1,(anonymous_6)
FNDA:1,(anonymous_7)
FNDA:1,(anonymous_8)
FNDA:1,(anonymous_9)
FNDA:1,(anonymous_10)
FNDA:1,(anonymous_11)
DA:4,1
DA:7,1
DA:13,1
DA:16,1
DA:22,1
DA:27,1
DA:30,1
DA:36,1
DA:41,1
DA:44,1
DA:50,1
LF:11
LH:11
BRF:0
BRH:0
end_of_record
TN:
SF:/Users/marco/DeveloperProjects/ToDoAppRedux/ToDoApp/hocs/hocs.ts
FN:5,createHocTestComponent
FN:9,(anonymous_1)
FNF:2
FNH:2
FNDA:8,createHocTestComponent
FNDA:1,(anonymous_1)
DA:9,8
DA:10,1
DA:11,1
LF:3
LH:3
BRDA:7,0,0,7
BRF:1
BRH:1
end_of_record
TN:
SF:/Users/marco/DeveloperProjects/ToDoAppRedux/ToDoApp/networking/httpService.ts
FN:10,(anonymous_0)
FN:18,(anonymous_1)
FN:23,(anonymous_2)
FN:28,(anonymous_3)
FN:33,(anonymous_4)
FN:38,(anonymous_5)
FN:42,(anonymous_6)
FNF:7
FNH:6
FNDA:1,(anonymous_0)
FNDA:1,(anonymous_1)
FNDA:1,(anonymous_2)
FNDA:1,(anonymous_3)
FNDA:1,(anonymous_4)
FNDA:6,(anonymous_5)
FNDA:0,(anonymous_6)
DA:4,6
DA:11,1
DA:12,1
DA:19,1
DA:20,1
DA:24,1
DA:25,1
DA:29,1
DA:30,1
DA:34,1
DA:35,1
DA:39,6
DA:41,6
DA:43,0
DA:44,0
DA:47,6
LF:16
LH:14
BRDA:10,0,0,0
BRF:1
BRH:0
end_of_record
TN:
SF:/Users/marco/DeveloperProjects/ToDoAppRedux/ToDoApp/networking/controllers/homeController.ts
FN:4,(anonymous_0)
FN:8,(anonymous_1)
FN:12,(anonymous_2)
FN:16,(anonymous_3)
FNF:4
FNH:4
FNDA:1,(anonymous_0)
FNDA:1,(anonymous_1)
FNDA:1,(anonymous_2)
FNDA:1,(anonymous_3)
DA:4,5
DA:5,1
DA:8,5
DA:9,1
DA:12,5
DA:13,1
DA:16,5
DA:17,1
LF:8
LH:8
BRF:0
BRH:0
end_of_record
TN:
SF:/Users/marco/DeveloperProjects/ToDoAppRedux/ToDoApp/reducers/todoApp.ts
FN:19,(anonymous_0)
FNF:1
FNH:1
FNDA:15,(anonymous_0)
DA:15,1
DA:19,1
DA:23,15
DA:25,1
DA:27,1
DA:29,2
DA:31,1
DA:33,2
DA:35,1
DA:37,2
DA:39,1
DA:41,2
DA:43,1
DA:45,2
DA:47,1
DA:49,2
DA:51,1
DA:53,2
LF:18
LH:18
BRDA:20,0,0,0
BRDA:23,1,0,1
BRDA:23,1,1,1
BRDA:23,1,2,2
BRDA:23,1,3,1
BRDA:23,1,4,2
BRDA:23,1,5,1
BRDA:23,1,6,2
BRDA:23,1,7,1
BRDA:23,1,8,2
BRDA:23,1,9,1
BRDA:23,1,10,2
BRDA:23,1,11,1
BRDA:23,1,12,2
BRDA:23,1,13,1
BRDA:23,1,14,2
BRF:16
BRH:15
end_of_record
TN:
SF:/Users/marco/DeveloperProjects/ToDoAppRedux/ToDoApp/resources/images/iconCheckboxActive.png
FNF:0
FNH:0
DA:1,5
LF:1
LH:1
BRF:0
BRH:0
end_of_record
TN:
SF:/Users/marco/DeveloperProjects/ToDoAppRedux/ToDoApp/resources/images/iconCheckboxInactive.png
FNF:0
FNH:0
DA:1,5
LF:1
LH:1
BRF:0
BRH:0
end_of_record
TN:
SF:/Users/marco/DeveloperProjects/ToDoAppRedux/ToDoApp/strings/index.ts
FNF:0
FNH:0
DA:1,7
DA:2,7
DA:3,7
DA:4,7
DA:5,7
DA:6,7
DA:7,7
DA:8,7
DA:10,7
LF:9
LH:9
BRF:0
BRH:0
end_of_record
TN:
SF:/Users/marco/DeveloperProjects/ToDoAppRedux/ToDoApp/utils/createDummyResponses.ts
FNF:0
FNH:0
DA:3,1
DA:18,1
LF:2
LH:2
BRF:0
BRH:0
end_of_record
TN:
SF:/Users/marco/DeveloperProjects/ToDoAppRedux/ToDoApp/utils/deserializer.ts
FN:3,(anonymous_0)
FNF:1
FNH:1
FNDA:1,(anonymous_0)
DA:3,5
DA:4,1
DA:5,1
DA:6,1
LF:4
LH:4
BRDA:4,0,0,1
BRDA:4,0,1,0
BRDA:9,1,0,1
BRDA:9,1,1,0
BRDA:10,2,0,1
BRDA:10,2,1,0
BRF:6
BRH:3
end_of_record
TN:
SF:/Users/marco/DeveloperProjects/ToDoAppRedux/ToDoApp/utils/serializer.ts
FN:3,(anonymous_0)
FNF:1
FNH:1
FNDA:2,(anonymous_0)
DA:3,5
DA:4,2
LF:2
LH:2
BRF:0
BRH:0
end_of_record
